[2022-10-08T10:29:57.582+0000] {processor.py:156} INFO - Started process (PID=301) to work on /home/airflow/.local/lib/python3.7/site-packages/airflow/example_dags/example_short_circuit_operator.py
[2022-10-08T10:29:57.583+0000] {processor.py:758} INFO - Processing file /home/airflow/.local/lib/python3.7/site-packages/airflow/example_dags/example_short_circuit_operator.py for tasks to queue
[2022-10-08T10:29:57.583+0000] {logging_mixin.py:117} INFO - [2022-10-08T10:29:57.583+0000] {dagbag.py:525} INFO - Filling up the DagBag from /home/airflow/.local/lib/python3.7/site-packages/airflow/example_dags/example_short_circuit_operator.py
[2022-10-08T10:29:57.599+0000] {processor.py:768} INFO - DAG(s) dict_keys(['example_short_circuit_operator']) retrieved from /home/airflow/.local/lib/python3.7/site-packages/airflow/example_dags/example_short_circuit_operator.py
[2022-10-08T10:29:57.843+0000] {logging_mixin.py:117} INFO - [2022-10-08T10:29:57.843+0000] {manager.py:507} INFO - Created Permission View: can delete on DAG:example_short_circuit_operator
[2022-10-08T10:29:57.851+0000] {logging_mixin.py:117} INFO - [2022-10-08T10:29:57.851+0000] {manager.py:507} INFO - Created Permission View: can read on DAG:example_short_circuit_operator
[2022-10-08T10:29:57.857+0000] {logging_mixin.py:117} INFO - [2022-10-08T10:29:57.856+0000] {manager.py:507} INFO - Created Permission View: can edit on DAG:example_short_circuit_operator
[2022-10-08T10:29:57.857+0000] {logging_mixin.py:117} INFO - [2022-10-08T10:29:57.857+0000] {dag.py:2573} INFO - Sync 1 DAGs
[2022-10-08T10:29:57.869+0000] {logging_mixin.py:117} INFO - [2022-10-08T10:29:57.868+0000] {dag.py:2594} INFO - Creating ORM DAG for example_short_circuit_operator
[2022-10-08T10:29:57.879+0000] {logging_mixin.py:117} INFO - [2022-10-08T10:29:57.878+0000] {dag.py:3328} INFO - Setting next_dagrun for example_short_circuit_operator to 2022-10-07T10:29:57.878754+00:00, run_after=2022-10-08T10:29:57.878754+00:00
[2022-10-08T10:29:57.894+0000] {processor.py:178} INFO - Processing /home/airflow/.local/lib/python3.7/site-packages/airflow/example_dags/example_short_circuit_operator.py took 0.314 seconds
[2022-10-08T10:30:28.435+0000] {processor.py:156} INFO - Started process (PID=497) to work on /home/airflow/.local/lib/python3.7/site-packages/airflow/example_dags/example_short_circuit_operator.py
[2022-10-08T10:30:28.436+0000] {processor.py:758} INFO - Processing file /home/airflow/.local/lib/python3.7/site-packages/airflow/example_dags/example_short_circuit_operator.py for tasks to queue
[2022-10-08T10:30:28.436+0000] {logging_mixin.py:117} INFO - [2022-10-08T10:30:28.436+0000] {dagbag.py:525} INFO - Filling up the DagBag from /home/airflow/.local/lib/python3.7/site-packages/airflow/example_dags/example_short_circuit_operator.py
[2022-10-08T10:30:28.452+0000] {processor.py:768} INFO - DAG(s) dict_keys(['example_short_circuit_operator']) retrieved from /home/airflow/.local/lib/python3.7/site-packages/airflow/example_dags/example_short_circuit_operator.py
[2022-10-08T10:30:28.494+0000] {logging_mixin.py:117} INFO - [2022-10-08T10:30:28.493+0000] {dag.py:2573} INFO - Sync 1 DAGs
[2022-10-08T10:30:28.517+0000] {logging_mixin.py:117} INFO - [2022-10-08T10:30:28.517+0000] {dag.py:3328} INFO - Setting next_dagrun for example_short_circuit_operator to 2022-10-07T10:30:28.516797+00:00, run_after=2022-10-08T10:30:28.516797+00:00
[2022-10-08T10:30:28.650+0000] {processor.py:178} INFO - Processing /home/airflow/.local/lib/python3.7/site-packages/airflow/example_dags/example_short_circuit_operator.py took 0.217 seconds
[2022-10-08T10:30:59.133+0000] {processor.py:156} INFO - Started process (PID=705) to work on /home/airflow/.local/lib/python3.7/site-packages/airflow/example_dags/example_short_circuit_operator.py
[2022-10-08T10:30:59.134+0000] {processor.py:758} INFO - Processing file /home/airflow/.local/lib/python3.7/site-packages/airflow/example_dags/example_short_circuit_operator.py for tasks to queue
[2022-10-08T10:30:59.134+0000] {logging_mixin.py:117} INFO - [2022-10-08T10:30:59.134+0000] {dagbag.py:525} INFO - Filling up the DagBag from /home/airflow/.local/lib/python3.7/site-packages/airflow/example_dags/example_short_circuit_operator.py
[2022-10-08T10:30:59.150+0000] {processor.py:768} INFO - DAG(s) dict_keys(['example_short_circuit_operator']) retrieved from /home/airflow/.local/lib/python3.7/site-packages/airflow/example_dags/example_short_circuit_operator.py
[2022-10-08T10:30:59.191+0000] {logging_mixin.py:117} INFO - [2022-10-08T10:30:59.191+0000] {dag.py:2573} INFO - Sync 1 DAGs
[2022-10-08T10:30:59.330+0000] {logging_mixin.py:117} INFO - [2022-10-08T10:30:59.330+0000] {dag.py:3328} INFO - Setting next_dagrun for example_short_circuit_operator to 2022-10-07T10:30:59.329868+00:00, run_after=2022-10-08T10:30:59.329868+00:00
[2022-10-08T10:30:59.346+0000] {processor.py:178} INFO - Processing /home/airflow/.local/lib/python3.7/site-packages/airflow/example_dags/example_short_circuit_operator.py took 0.215 seconds
[2022-10-08T10:31:30.898+0000] {processor.py:156} INFO - Started process (PID=912) to work on /home/airflow/.local/lib/python3.7/site-packages/airflow/example_dags/example_short_circuit_operator.py
[2022-10-08T10:31:30.899+0000] {processor.py:758} INFO - Processing file /home/airflow/.local/lib/python3.7/site-packages/airflow/example_dags/example_short_circuit_operator.py for tasks to queue
[2022-10-08T10:31:30.899+0000] {logging_mixin.py:117} INFO - [2022-10-08T10:31:30.899+0000] {dagbag.py:525} INFO - Filling up the DagBag from /home/airflow/.local/lib/python3.7/site-packages/airflow/example_dags/example_short_circuit_operator.py
[2022-10-08T10:31:30.915+0000] {processor.py:768} INFO - DAG(s) dict_keys(['example_short_circuit_operator']) retrieved from /home/airflow/.local/lib/python3.7/site-packages/airflow/example_dags/example_short_circuit_operator.py
[2022-10-08T10:31:31.077+0000] {logging_mixin.py:117} INFO - [2022-10-08T10:31:31.077+0000] {dag.py:2573} INFO - Sync 1 DAGs
[2022-10-08T10:31:31.100+0000] {logging_mixin.py:117} INFO - [2022-10-08T10:31:31.100+0000] {dag.py:3328} INFO - Setting next_dagrun for example_short_circuit_operator to 2022-10-07T10:31:31.100322+00:00, run_after=2022-10-08T10:31:31.100322+00:00
[2022-10-08T10:31:31.117+0000] {processor.py:178} INFO - Processing /home/airflow/.local/lib/python3.7/site-packages/airflow/example_dags/example_short_circuit_operator.py took 0.222 seconds
[2022-10-08T10:32:01.594+0000] {processor.py:156} INFO - Started process (PID=1110) to work on /home/airflow/.local/lib/python3.7/site-packages/airflow/example_dags/example_short_circuit_operator.py
[2022-10-08T10:32:01.595+0000] {processor.py:758} INFO - Processing file /home/airflow/.local/lib/python3.7/site-packages/airflow/example_dags/example_short_circuit_operator.py for tasks to queue
[2022-10-08T10:32:01.595+0000] {logging_mixin.py:117} INFO - [2022-10-08T10:32:01.595+0000] {dagbag.py:525} INFO - Filling up the DagBag from /home/airflow/.local/lib/python3.7/site-packages/airflow/example_dags/example_short_circuit_operator.py
[2022-10-08T10:32:01.610+0000] {processor.py:768} INFO - DAG(s) dict_keys(['example_short_circuit_operator']) retrieved from /home/airflow/.local/lib/python3.7/site-packages/airflow/example_dags/example_short_circuit_operator.py
[2022-10-08T10:32:01.767+0000] {logging_mixin.py:117} INFO - [2022-10-08T10:32:01.766+0000] {dag.py:2573} INFO - Sync 1 DAGs
[2022-10-08T10:32:01.790+0000] {logging_mixin.py:117} INFO - [2022-10-08T10:32:01.789+0000] {dag.py:3328} INFO - Setting next_dagrun for example_short_circuit_operator to 2022-10-07T10:32:01.789706+00:00, run_after=2022-10-08T10:32:01.789706+00:00
[2022-10-08T10:32:01.806+0000] {processor.py:178} INFO - Processing /home/airflow/.local/lib/python3.7/site-packages/airflow/example_dags/example_short_circuit_operator.py took 0.214 seconds
[2022-10-08T10:32:32.363+0000] {processor.py:156} INFO - Started process (PID=1317) to work on /home/airflow/.local/lib/python3.7/site-packages/airflow/example_dags/example_short_circuit_operator.py
[2022-10-08T10:32:32.364+0000] {processor.py:758} INFO - Processing file /home/airflow/.local/lib/python3.7/site-packages/airflow/example_dags/example_short_circuit_operator.py for tasks to queue
[2022-10-08T10:32:32.365+0000] {logging_mixin.py:117} INFO - [2022-10-08T10:32:32.365+0000] {dagbag.py:525} INFO - Filling up the DagBag from /home/airflow/.local/lib/python3.7/site-packages/airflow/example_dags/example_short_circuit_operator.py
[2022-10-08T10:32:32.379+0000] {processor.py:768} INFO - DAG(s) dict_keys(['example_short_circuit_operator']) retrieved from /home/airflow/.local/lib/python3.7/site-packages/airflow/example_dags/example_short_circuit_operator.py
[2022-10-08T10:32:32.526+0000] {logging_mixin.py:117} INFO - [2022-10-08T10:32:32.526+0000] {dag.py:2573} INFO - Sync 1 DAGs
[2022-10-08T10:32:32.548+0000] {logging_mixin.py:117} INFO - [2022-10-08T10:32:32.547+0000] {dag.py:3328} INFO - Setting next_dagrun for example_short_circuit_operator to 2022-10-07T10:32:32.547751+00:00, run_after=2022-10-08T10:32:32.547751+00:00
[2022-10-08T10:32:32.571+0000] {processor.py:178} INFO - Processing /home/airflow/.local/lib/python3.7/site-packages/airflow/example_dags/example_short_circuit_operator.py took 0.221 seconds
[2022-10-08T10:33:04.354+0000] {processor.py:156} INFO - Started process (PID=1526) to work on /home/airflow/.local/lib/python3.7/site-packages/airflow/example_dags/example_short_circuit_operator.py
[2022-10-08T10:33:04.355+0000] {processor.py:758} INFO - Processing file /home/airflow/.local/lib/python3.7/site-packages/airflow/example_dags/example_short_circuit_operator.py for tasks to queue
[2022-10-08T10:33:04.356+0000] {logging_mixin.py:117} INFO - [2022-10-08T10:33:04.356+0000] {dagbag.py:525} INFO - Filling up the DagBag from /home/airflow/.local/lib/python3.7/site-packages/airflow/example_dags/example_short_circuit_operator.py
[2022-10-08T10:33:04.485+0000] {processor.py:768} INFO - DAG(s) dict_keys(['example_short_circuit_operator']) retrieved from /home/airflow/.local/lib/python3.7/site-packages/airflow/example_dags/example_short_circuit_operator.py
[2022-10-08T10:33:04.518+0000] {logging_mixin.py:117} INFO - [2022-10-08T10:33:04.518+0000] {dag.py:2573} INFO - Sync 1 DAGs
[2022-10-08T10:33:04.541+0000] {logging_mixin.py:117} INFO - [2022-10-08T10:33:04.541+0000] {dag.py:3328} INFO - Setting next_dagrun for example_short_circuit_operator to 2022-10-07T10:33:04.541164+00:00, run_after=2022-10-08T10:33:04.541164+00:00
[2022-10-08T10:33:04.557+0000] {processor.py:178} INFO - Processing /home/airflow/.local/lib/python3.7/site-packages/airflow/example_dags/example_short_circuit_operator.py took 0.205 seconds
[2022-10-08T10:33:34.581+0000] {processor.py:156} INFO - Started process (PID=1724) to work on /home/airflow/.local/lib/python3.7/site-packages/airflow/example_dags/example_short_circuit_operator.py
[2022-10-08T10:33:34.582+0000] {processor.py:758} INFO - Processing file /home/airflow/.local/lib/python3.7/site-packages/airflow/example_dags/example_short_circuit_operator.py for tasks to queue
[2022-10-08T10:33:34.583+0000] {logging_mixin.py:117} INFO - [2022-10-08T10:33:34.582+0000] {dagbag.py:525} INFO - Filling up the DagBag from /home/airflow/.local/lib/python3.7/site-packages/airflow/example_dags/example_short_circuit_operator.py
[2022-10-08T10:33:34.598+0000] {processor.py:768} INFO - DAG(s) dict_keys(['example_short_circuit_operator']) retrieved from /home/airflow/.local/lib/python3.7/site-packages/airflow/example_dags/example_short_circuit_operator.py
[2022-10-08T10:33:34.635+0000] {logging_mixin.py:117} INFO - [2022-10-08T10:33:34.635+0000] {dag.py:2573} INFO - Sync 1 DAGs
[2022-10-08T10:33:34.658+0000] {logging_mixin.py:117} INFO - [2022-10-08T10:33:34.658+0000] {dag.py:3328} INFO - Setting next_dagrun for example_short_circuit_operator to 2022-10-07T10:33:34.658587+00:00, run_after=2022-10-08T10:33:34.658587+00:00
[2022-10-08T10:33:34.675+0000] {processor.py:178} INFO - Processing /home/airflow/.local/lib/python3.7/site-packages/airflow/example_dags/example_short_circuit_operator.py took 0.096 seconds
[2022-10-08T10:34:05.059+0000] {processor.py:156} INFO - Started process (PID=1931) to work on /home/airflow/.local/lib/python3.7/site-packages/airflow/example_dags/example_short_circuit_operator.py
[2022-10-08T10:34:05.060+0000] {processor.py:758} INFO - Processing file /home/airflow/.local/lib/python3.7/site-packages/airflow/example_dags/example_short_circuit_operator.py for tasks to queue
[2022-10-08T10:34:05.060+0000] {logging_mixin.py:117} INFO - [2022-10-08T10:34:05.060+0000] {dagbag.py:525} INFO - Filling up the DagBag from /home/airflow/.local/lib/python3.7/site-packages/airflow/example_dags/example_short_circuit_operator.py
[2022-10-08T10:34:05.076+0000] {processor.py:768} INFO - DAG(s) dict_keys(['example_short_circuit_operator']) retrieved from /home/airflow/.local/lib/python3.7/site-packages/airflow/example_dags/example_short_circuit_operator.py
[2022-10-08T10:34:05.114+0000] {logging_mixin.py:117} INFO - [2022-10-08T10:34:05.114+0000] {dag.py:2573} INFO - Sync 1 DAGs
[2022-10-08T10:34:05.137+0000] {logging_mixin.py:117} INFO - [2022-10-08T10:34:05.137+0000] {dag.py:3328} INFO - Setting next_dagrun for example_short_circuit_operator to 2022-10-07T10:34:05.137446+00:00, run_after=2022-10-08T10:34:05.137446+00:00
[2022-10-08T10:34:05.154+0000] {processor.py:178} INFO - Processing /home/airflow/.local/lib/python3.7/site-packages/airflow/example_dags/example_short_circuit_operator.py took 0.097 seconds
[2022-10-08T10:34:35.236+0000] {processor.py:156} INFO - Started process (PID=2136) to work on /home/airflow/.local/lib/python3.7/site-packages/airflow/example_dags/example_short_circuit_operator.py
[2022-10-08T10:34:35.237+0000] {processor.py:758} INFO - Processing file /home/airflow/.local/lib/python3.7/site-packages/airflow/example_dags/example_short_circuit_operator.py for tasks to queue
[2022-10-08T10:34:35.237+0000] {logging_mixin.py:117} INFO - [2022-10-08T10:34:35.237+0000] {dagbag.py:525} INFO - Filling up the DagBag from /home/airflow/.local/lib/python3.7/site-packages/airflow/example_dags/example_short_circuit_operator.py
[2022-10-08T10:34:35.253+0000] {processor.py:768} INFO - DAG(s) dict_keys(['example_short_circuit_operator']) retrieved from /home/airflow/.local/lib/python3.7/site-packages/airflow/example_dags/example_short_circuit_operator.py
[2022-10-08T10:34:35.291+0000] {logging_mixin.py:117} INFO - [2022-10-08T10:34:35.291+0000] {dag.py:2573} INFO - Sync 1 DAGs
[2022-10-08T10:34:35.315+0000] {logging_mixin.py:117} INFO - [2022-10-08T10:34:35.314+0000] {dag.py:3328} INFO - Setting next_dagrun for example_short_circuit_operator to 2022-10-07T10:34:35.314628+00:00, run_after=2022-10-08T10:34:35.314628+00:00
[2022-10-08T10:34:35.332+0000] {processor.py:178} INFO - Processing /home/airflow/.local/lib/python3.7/site-packages/airflow/example_dags/example_short_circuit_operator.py took 0.099 seconds
[2022-10-08T10:35:06.119+0000] {processor.py:156} INFO - Started process (PID=2334) to work on /home/airflow/.local/lib/python3.7/site-packages/airflow/example_dags/example_short_circuit_operator.py
[2022-10-08T10:35:06.120+0000] {processor.py:758} INFO - Processing file /home/airflow/.local/lib/python3.7/site-packages/airflow/example_dags/example_short_circuit_operator.py for tasks to queue
[2022-10-08T10:35:06.120+0000] {logging_mixin.py:117} INFO - [2022-10-08T10:35:06.120+0000] {dagbag.py:525} INFO - Filling up the DagBag from /home/airflow/.local/lib/python3.7/site-packages/airflow/example_dags/example_short_circuit_operator.py
[2022-10-08T10:35:06.135+0000] {processor.py:768} INFO - DAG(s) dict_keys(['example_short_circuit_operator']) retrieved from /home/airflow/.local/lib/python3.7/site-packages/airflow/example_dags/example_short_circuit_operator.py
[2022-10-08T10:35:06.170+0000] {logging_mixin.py:117} INFO - [2022-10-08T10:35:06.170+0000] {dag.py:2573} INFO - Sync 1 DAGs
[2022-10-08T10:35:06.194+0000] {logging_mixin.py:117} INFO - [2022-10-08T10:35:06.194+0000] {dag.py:3328} INFO - Setting next_dagrun for example_short_circuit_operator to 2022-10-07T10:35:06.193946+00:00, run_after=2022-10-08T10:35:06.193946+00:00
[2022-10-08T10:35:06.210+0000] {processor.py:178} INFO - Processing /home/airflow/.local/lib/python3.7/site-packages/airflow/example_dags/example_short_circuit_operator.py took 0.093 seconds
[2022-10-08T10:35:36.891+0000] {processor.py:156} INFO - Started process (PID=2543) to work on /home/airflow/.local/lib/python3.7/site-packages/airflow/example_dags/example_short_circuit_operator.py
[2022-10-08T10:35:36.892+0000] {processor.py:758} INFO - Processing file /home/airflow/.local/lib/python3.7/site-packages/airflow/example_dags/example_short_circuit_operator.py for tasks to queue
[2022-10-08T10:35:36.893+0000] {logging_mixin.py:117} INFO - [2022-10-08T10:35:36.892+0000] {dagbag.py:525} INFO - Filling up the DagBag from /home/airflow/.local/lib/python3.7/site-packages/airflow/example_dags/example_short_circuit_operator.py
[2022-10-08T10:35:36.907+0000] {processor.py:768} INFO - DAG(s) dict_keys(['example_short_circuit_operator']) retrieved from /home/airflow/.local/lib/python3.7/site-packages/airflow/example_dags/example_short_circuit_operator.py
[2022-10-08T10:35:36.943+0000] {logging_mixin.py:117} INFO - [2022-10-08T10:35:36.943+0000] {dag.py:2573} INFO - Sync 1 DAGs
[2022-10-08T10:35:36.966+0000] {logging_mixin.py:117} INFO - [2022-10-08T10:35:36.966+0000] {dag.py:3328} INFO - Setting next_dagrun for example_short_circuit_operator to 2022-10-07T10:35:36.966515+00:00, run_after=2022-10-08T10:35:36.966515+00:00
[2022-10-08T10:35:36.983+0000] {processor.py:178} INFO - Processing /home/airflow/.local/lib/python3.7/site-packages/airflow/example_dags/example_short_circuit_operator.py took 0.094 seconds
[2022-10-08T10:36:07.603+0000] {processor.py:156} INFO - Started process (PID=2750) to work on /home/airflow/.local/lib/python3.7/site-packages/airflow/example_dags/example_short_circuit_operator.py
[2022-10-08T10:36:07.604+0000] {processor.py:758} INFO - Processing file /home/airflow/.local/lib/python3.7/site-packages/airflow/example_dags/example_short_circuit_operator.py for tasks to queue
[2022-10-08T10:36:07.604+0000] {logging_mixin.py:117} INFO - [2022-10-08T10:36:07.604+0000] {dagbag.py:525} INFO - Filling up the DagBag from /home/airflow/.local/lib/python3.7/site-packages/airflow/example_dags/example_short_circuit_operator.py
[2022-10-08T10:36:07.621+0000] {processor.py:768} INFO - DAG(s) dict_keys(['example_short_circuit_operator']) retrieved from /home/airflow/.local/lib/python3.7/site-packages/airflow/example_dags/example_short_circuit_operator.py
[2022-10-08T10:36:07.660+0000] {logging_mixin.py:117} INFO - [2022-10-08T10:36:07.659+0000] {dag.py:2573} INFO - Sync 1 DAGs
[2022-10-08T10:36:07.685+0000] {logging_mixin.py:117} INFO - [2022-10-08T10:36:07.684+0000] {dag.py:3328} INFO - Setting next_dagrun for example_short_circuit_operator to 2022-10-07T10:36:07.684732+00:00, run_after=2022-10-08T10:36:07.684732+00:00
[2022-10-08T10:36:07.702+0000] {processor.py:178} INFO - Processing /home/airflow/.local/lib/python3.7/site-packages/airflow/example_dags/example_short_circuit_operator.py took 0.102 seconds
[2022-10-08T10:36:38.356+0000] {processor.py:156} INFO - Started process (PID=2948) to work on /home/airflow/.local/lib/python3.7/site-packages/airflow/example_dags/example_short_circuit_operator.py
[2022-10-08T10:36:38.357+0000] {processor.py:758} INFO - Processing file /home/airflow/.local/lib/python3.7/site-packages/airflow/example_dags/example_short_circuit_operator.py for tasks to queue
[2022-10-08T10:36:38.357+0000] {logging_mixin.py:117} INFO - [2022-10-08T10:36:38.357+0000] {dagbag.py:525} INFO - Filling up the DagBag from /home/airflow/.local/lib/python3.7/site-packages/airflow/example_dags/example_short_circuit_operator.py
[2022-10-08T10:36:38.372+0000] {processor.py:768} INFO - DAG(s) dict_keys(['example_short_circuit_operator']) retrieved from /home/airflow/.local/lib/python3.7/site-packages/airflow/example_dags/example_short_circuit_operator.py
[2022-10-08T10:36:38.409+0000] {logging_mixin.py:117} INFO - [2022-10-08T10:36:38.409+0000] {dag.py:2573} INFO - Sync 1 DAGs
[2022-10-08T10:36:38.432+0000] {logging_mixin.py:117} INFO - [2022-10-08T10:36:38.432+0000] {dag.py:3328} INFO - Setting next_dagrun for example_short_circuit_operator to 2022-10-07T10:36:38.432657+00:00, run_after=2022-10-08T10:36:38.432657+00:00
[2022-10-08T10:36:38.450+0000] {processor.py:178} INFO - Processing /home/airflow/.local/lib/python3.7/site-packages/airflow/example_dags/example_short_circuit_operator.py took 0.097 seconds
[2022-10-08T10:37:09.228+0000] {processor.py:156} INFO - Started process (PID=3155) to work on /home/airflow/.local/lib/python3.7/site-packages/airflow/example_dags/example_short_circuit_operator.py
[2022-10-08T10:37:09.229+0000] {processor.py:758} INFO - Processing file /home/airflow/.local/lib/python3.7/site-packages/airflow/example_dags/example_short_circuit_operator.py for tasks to queue
[2022-10-08T10:37:09.229+0000] {logging_mixin.py:117} INFO - [2022-10-08T10:37:09.229+0000] {dagbag.py:525} INFO - Filling up the DagBag from /home/airflow/.local/lib/python3.7/site-packages/airflow/example_dags/example_short_circuit_operator.py
[2022-10-08T10:37:09.244+0000] {processor.py:768} INFO - DAG(s) dict_keys(['example_short_circuit_operator']) retrieved from /home/airflow/.local/lib/python3.7/site-packages/airflow/example_dags/example_short_circuit_operator.py
[2022-10-08T10:37:09.281+0000] {logging_mixin.py:117} INFO - [2022-10-08T10:37:09.281+0000] {dag.py:2573} INFO - Sync 1 DAGs
[2022-10-08T10:37:09.305+0000] {logging_mixin.py:117} INFO - [2022-10-08T10:37:09.305+0000] {dag.py:3328} INFO - Setting next_dagrun for example_short_circuit_operator to 2022-10-07T10:37:09.305491+00:00, run_after=2022-10-08T10:37:09.305491+00:00
[2022-10-08T10:37:09.321+0000] {processor.py:178} INFO - Processing /home/airflow/.local/lib/python3.7/site-packages/airflow/example_dags/example_short_circuit_operator.py took 0.096 seconds
[2022-10-08T10:37:39.756+0000] {processor.py:156} INFO - Started process (PID=3362) to work on /home/airflow/.local/lib/python3.7/site-packages/airflow/example_dags/example_short_circuit_operator.py
[2022-10-08T10:37:39.757+0000] {processor.py:758} INFO - Processing file /home/airflow/.local/lib/python3.7/site-packages/airflow/example_dags/example_short_circuit_operator.py for tasks to queue
[2022-10-08T10:37:39.757+0000] {logging_mixin.py:117} INFO - [2022-10-08T10:37:39.757+0000] {dagbag.py:525} INFO - Filling up the DagBag from /home/airflow/.local/lib/python3.7/site-packages/airflow/example_dags/example_short_circuit_operator.py
[2022-10-08T10:37:39.772+0000] {processor.py:768} INFO - DAG(s) dict_keys(['example_short_circuit_operator']) retrieved from /home/airflow/.local/lib/python3.7/site-packages/airflow/example_dags/example_short_circuit_operator.py
[2022-10-08T10:37:39.809+0000] {logging_mixin.py:117} INFO - [2022-10-08T10:37:39.809+0000] {dag.py:2573} INFO - Sync 1 DAGs
[2022-10-08T10:37:39.833+0000] {logging_mixin.py:117} INFO - [2022-10-08T10:37:39.833+0000] {dag.py:3328} INFO - Setting next_dagrun for example_short_circuit_operator to 2022-10-07T10:37:39.832815+00:00, run_after=2022-10-08T10:37:39.832815+00:00
[2022-10-08T10:37:39.849+0000] {processor.py:178} INFO - Processing /home/airflow/.local/lib/python3.7/site-packages/airflow/example_dags/example_short_circuit_operator.py took 0.095 seconds
[2022-10-08T10:38:10.376+0000] {processor.py:156} INFO - Started process (PID=3569) to work on /home/airflow/.local/lib/python3.7/site-packages/airflow/example_dags/example_short_circuit_operator.py
[2022-10-08T10:38:10.376+0000] {processor.py:758} INFO - Processing file /home/airflow/.local/lib/python3.7/site-packages/airflow/example_dags/example_short_circuit_operator.py for tasks to queue
[2022-10-08T10:38:10.377+0000] {logging_mixin.py:117} INFO - [2022-10-08T10:38:10.377+0000] {dagbag.py:525} INFO - Filling up the DagBag from /home/airflow/.local/lib/python3.7/site-packages/airflow/example_dags/example_short_circuit_operator.py
[2022-10-08T10:38:10.391+0000] {processor.py:768} INFO - DAG(s) dict_keys(['example_short_circuit_operator']) retrieved from /home/airflow/.local/lib/python3.7/site-packages/airflow/example_dags/example_short_circuit_operator.py
[2022-10-08T10:38:10.427+0000] {logging_mixin.py:117} INFO - [2022-10-08T10:38:10.427+0000] {dag.py:2573} INFO - Sync 1 DAGs
[2022-10-08T10:38:10.450+0000] {logging_mixin.py:117} INFO - [2022-10-08T10:38:10.450+0000] {dag.py:3328} INFO - Setting next_dagrun for example_short_circuit_operator to 2022-10-07T10:38:10.449852+00:00, run_after=2022-10-08T10:38:10.449852+00:00
[2022-10-08T10:38:10.465+0000] {processor.py:178} INFO - Processing /home/airflow/.local/lib/python3.7/site-packages/airflow/example_dags/example_short_circuit_operator.py took 0.092 seconds
[2022-10-08T10:38:41.099+0000] {processor.py:156} INFO - Started process (PID=3767) to work on /home/airflow/.local/lib/python3.7/site-packages/airflow/example_dags/example_short_circuit_operator.py
[2022-10-08T10:38:41.100+0000] {processor.py:758} INFO - Processing file /home/airflow/.local/lib/python3.7/site-packages/airflow/example_dags/example_short_circuit_operator.py for tasks to queue
[2022-10-08T10:38:41.100+0000] {logging_mixin.py:117} INFO - [2022-10-08T10:38:41.100+0000] {dagbag.py:525} INFO - Filling up the DagBag from /home/airflow/.local/lib/python3.7/site-packages/airflow/example_dags/example_short_circuit_operator.py
[2022-10-08T10:38:41.116+0000] {processor.py:768} INFO - DAG(s) dict_keys(['example_short_circuit_operator']) retrieved from /home/airflow/.local/lib/python3.7/site-packages/airflow/example_dags/example_short_circuit_operator.py
[2022-10-08T10:38:41.152+0000] {logging_mixin.py:117} INFO - [2022-10-08T10:38:41.152+0000] {dag.py:2573} INFO - Sync 1 DAGs
[2022-10-08T10:38:41.176+0000] {logging_mixin.py:117} INFO - [2022-10-08T10:38:41.176+0000] {dag.py:3328} INFO - Setting next_dagrun for example_short_circuit_operator to 2022-10-07T10:38:41.176381+00:00, run_after=2022-10-08T10:38:41.176381+00:00
[2022-10-08T10:38:41.195+0000] {processor.py:178} INFO - Processing /home/airflow/.local/lib/python3.7/site-packages/airflow/example_dags/example_short_circuit_operator.py took 0.098 seconds
[2022-10-08T10:39:11.810+0000] {processor.py:156} INFO - Started process (PID=3974) to work on /home/airflow/.local/lib/python3.7/site-packages/airflow/example_dags/example_short_circuit_operator.py
[2022-10-08T10:39:11.811+0000] {processor.py:758} INFO - Processing file /home/airflow/.local/lib/python3.7/site-packages/airflow/example_dags/example_short_circuit_operator.py for tasks to queue
[2022-10-08T10:39:11.812+0000] {logging_mixin.py:117} INFO - [2022-10-08T10:39:11.811+0000] {dagbag.py:525} INFO - Filling up the DagBag from /home/airflow/.local/lib/python3.7/site-packages/airflow/example_dags/example_short_circuit_operator.py
[2022-10-08T10:39:11.827+0000] {processor.py:768} INFO - DAG(s) dict_keys(['example_short_circuit_operator']) retrieved from /home/airflow/.local/lib/python3.7/site-packages/airflow/example_dags/example_short_circuit_operator.py
[2022-10-08T10:39:11.863+0000] {logging_mixin.py:117} INFO - [2022-10-08T10:39:11.863+0000] {dag.py:2573} INFO - Sync 1 DAGs
[2022-10-08T10:39:11.887+0000] {logging_mixin.py:117} INFO - [2022-10-08T10:39:11.887+0000] {dag.py:3328} INFO - Setting next_dagrun for example_short_circuit_operator to 2022-10-07T10:39:11.887263+00:00, run_after=2022-10-08T10:39:11.887263+00:00
[2022-10-08T10:39:11.903+0000] {processor.py:178} INFO - Processing /home/airflow/.local/lib/python3.7/site-packages/airflow/example_dags/example_short_circuit_operator.py took 0.096 seconds
[2022-10-08T10:39:42.291+0000] {processor.py:156} INFO - Started process (PID=4181) to work on /home/airflow/.local/lib/python3.7/site-packages/airflow/example_dags/example_short_circuit_operator.py
[2022-10-08T10:39:42.291+0000] {processor.py:758} INFO - Processing file /home/airflow/.local/lib/python3.7/site-packages/airflow/example_dags/example_short_circuit_operator.py for tasks to queue
[2022-10-08T10:39:42.292+0000] {logging_mixin.py:117} INFO - [2022-10-08T10:39:42.292+0000] {dagbag.py:525} INFO - Filling up the DagBag from /home/airflow/.local/lib/python3.7/site-packages/airflow/example_dags/example_short_circuit_operator.py
[2022-10-08T10:39:42.307+0000] {processor.py:768} INFO - DAG(s) dict_keys(['example_short_circuit_operator']) retrieved from /home/airflow/.local/lib/python3.7/site-packages/airflow/example_dags/example_short_circuit_operator.py
[2022-10-08T10:39:42.344+0000] {logging_mixin.py:117} INFO - [2022-10-08T10:39:42.344+0000] {dag.py:2573} INFO - Sync 1 DAGs
[2022-10-08T10:39:42.368+0000] {logging_mixin.py:117} INFO - [2022-10-08T10:39:42.368+0000] {dag.py:3328} INFO - Setting next_dagrun for example_short_circuit_operator to 2022-10-07T10:39:42.368222+00:00, run_after=2022-10-08T10:39:42.368222+00:00
[2022-10-08T10:39:42.385+0000] {processor.py:178} INFO - Processing /home/airflow/.local/lib/python3.7/site-packages/airflow/example_dags/example_short_circuit_operator.py took 0.097 seconds
[2022-10-08T10:40:12.886+0000] {processor.py:156} INFO - Started process (PID=4379) to work on /home/airflow/.local/lib/python3.7/site-packages/airflow/example_dags/example_short_circuit_operator.py
[2022-10-08T10:40:12.887+0000] {processor.py:758} INFO - Processing file /home/airflow/.local/lib/python3.7/site-packages/airflow/example_dags/example_short_circuit_operator.py for tasks to queue
[2022-10-08T10:40:12.887+0000] {logging_mixin.py:117} INFO - [2022-10-08T10:40:12.887+0000] {dagbag.py:525} INFO - Filling up the DagBag from /home/airflow/.local/lib/python3.7/site-packages/airflow/example_dags/example_short_circuit_operator.py
[2022-10-08T10:40:12.903+0000] {processor.py:768} INFO - DAG(s) dict_keys(['example_short_circuit_operator']) retrieved from /home/airflow/.local/lib/python3.7/site-packages/airflow/example_dags/example_short_circuit_operator.py
[2022-10-08T10:40:12.942+0000] {logging_mixin.py:117} INFO - [2022-10-08T10:40:12.942+0000] {dag.py:2573} INFO - Sync 1 DAGs
[2022-10-08T10:40:12.965+0000] {logging_mixin.py:117} INFO - [2022-10-08T10:40:12.965+0000] {dag.py:3328} INFO - Setting next_dagrun for example_short_circuit_operator to 2022-10-07T10:40:12.965431+00:00, run_after=2022-10-08T10:40:12.965431+00:00
[2022-10-08T10:40:12.984+0000] {processor.py:178} INFO - Processing /home/airflow/.local/lib/python3.7/site-packages/airflow/example_dags/example_short_circuit_operator.py took 0.100 seconds
[2022-10-08T10:40:43.402+0000] {processor.py:156} INFO - Started process (PID=4584) to work on /home/airflow/.local/lib/python3.7/site-packages/airflow/example_dags/example_short_circuit_operator.py
[2022-10-08T10:40:43.403+0000] {processor.py:758} INFO - Processing file /home/airflow/.local/lib/python3.7/site-packages/airflow/example_dags/example_short_circuit_operator.py for tasks to queue
[2022-10-08T10:40:43.404+0000] {logging_mixin.py:117} INFO - [2022-10-08T10:40:43.404+0000] {dagbag.py:525} INFO - Filling up the DagBag from /home/airflow/.local/lib/python3.7/site-packages/airflow/example_dags/example_short_circuit_operator.py
[2022-10-08T10:40:43.420+0000] {processor.py:768} INFO - DAG(s) dict_keys(['example_short_circuit_operator']) retrieved from /home/airflow/.local/lib/python3.7/site-packages/airflow/example_dags/example_short_circuit_operator.py
[2022-10-08T10:40:43.457+0000] {logging_mixin.py:117} INFO - [2022-10-08T10:40:43.456+0000] {dag.py:2573} INFO - Sync 1 DAGs
[2022-10-08T10:40:43.480+0000] {logging_mixin.py:117} INFO - [2022-10-08T10:40:43.479+0000] {dag.py:3328} INFO - Setting next_dagrun for example_short_circuit_operator to 2022-10-07T10:40:43.479764+00:00, run_after=2022-10-08T10:40:43.479764+00:00
[2022-10-08T10:40:43.498+0000] {processor.py:178} INFO - Processing /home/airflow/.local/lib/python3.7/site-packages/airflow/example_dags/example_short_circuit_operator.py took 0.098 seconds
[2022-10-08T10:41:14.073+0000] {processor.py:156} INFO - Started process (PID=4791) to work on /home/airflow/.local/lib/python3.7/site-packages/airflow/example_dags/example_short_circuit_operator.py
[2022-10-08T10:41:14.074+0000] {processor.py:758} INFO - Processing file /home/airflow/.local/lib/python3.7/site-packages/airflow/example_dags/example_short_circuit_operator.py for tasks to queue
[2022-10-08T10:41:14.074+0000] {logging_mixin.py:117} INFO - [2022-10-08T10:41:14.074+0000] {dagbag.py:525} INFO - Filling up the DagBag from /home/airflow/.local/lib/python3.7/site-packages/airflow/example_dags/example_short_circuit_operator.py
[2022-10-08T10:41:14.090+0000] {processor.py:768} INFO - DAG(s) dict_keys(['example_short_circuit_operator']) retrieved from /home/airflow/.local/lib/python3.7/site-packages/airflow/example_dags/example_short_circuit_operator.py
[2022-10-08T10:41:14.127+0000] {logging_mixin.py:117} INFO - [2022-10-08T10:41:14.127+0000] {dag.py:2573} INFO - Sync 1 DAGs
[2022-10-08T10:41:14.151+0000] {logging_mixin.py:117} INFO - [2022-10-08T10:41:14.151+0000] {dag.py:3328} INFO - Setting next_dagrun for example_short_circuit_operator to 2022-10-07T10:41:14.151038+00:00, run_after=2022-10-08T10:41:14.151038+00:00
[2022-10-08T10:41:14.168+0000] {processor.py:178} INFO - Processing /home/airflow/.local/lib/python3.7/site-packages/airflow/example_dags/example_short_circuit_operator.py took 0.097 seconds
[2022-10-08T10:41:44.824+0000] {processor.py:156} INFO - Started process (PID=4998) to work on /home/airflow/.local/lib/python3.7/site-packages/airflow/example_dags/example_short_circuit_operator.py
[2022-10-08T10:41:44.825+0000] {processor.py:758} INFO - Processing file /home/airflow/.local/lib/python3.7/site-packages/airflow/example_dags/example_short_circuit_operator.py for tasks to queue
[2022-10-08T10:41:44.825+0000] {logging_mixin.py:117} INFO - [2022-10-08T10:41:44.825+0000] {dagbag.py:525} INFO - Filling up the DagBag from /home/airflow/.local/lib/python3.7/site-packages/airflow/example_dags/example_short_circuit_operator.py
[2022-10-08T10:41:44.841+0000] {processor.py:768} INFO - DAG(s) dict_keys(['example_short_circuit_operator']) retrieved from /home/airflow/.local/lib/python3.7/site-packages/airflow/example_dags/example_short_circuit_operator.py
[2022-10-08T10:41:44.880+0000] {logging_mixin.py:117} INFO - [2022-10-08T10:41:44.880+0000] {dag.py:2573} INFO - Sync 1 DAGs
[2022-10-08T10:41:44.904+0000] {logging_mixin.py:117} INFO - [2022-10-08T10:41:44.904+0000] {dag.py:3328} INFO - Setting next_dagrun for example_short_circuit_operator to 2022-10-07T10:41:44.903850+00:00, run_after=2022-10-08T10:41:44.903850+00:00
[2022-10-08T10:41:44.920+0000] {processor.py:178} INFO - Processing /home/airflow/.local/lib/python3.7/site-packages/airflow/example_dags/example_short_circuit_operator.py took 0.099 seconds
[2022-10-08T10:42:15.296+0000] {processor.py:156} INFO - Started process (PID=5198) to work on /home/airflow/.local/lib/python3.7/site-packages/airflow/example_dags/example_short_circuit_operator.py
[2022-10-08T10:42:15.297+0000] {processor.py:758} INFO - Processing file /home/airflow/.local/lib/python3.7/site-packages/airflow/example_dags/example_short_circuit_operator.py for tasks to queue
[2022-10-08T10:42:15.297+0000] {logging_mixin.py:117} INFO - [2022-10-08T10:42:15.297+0000] {dagbag.py:525} INFO - Filling up the DagBag from /home/airflow/.local/lib/python3.7/site-packages/airflow/example_dags/example_short_circuit_operator.py
[2022-10-08T10:42:15.312+0000] {processor.py:768} INFO - DAG(s) dict_keys(['example_short_circuit_operator']) retrieved from /home/airflow/.local/lib/python3.7/site-packages/airflow/example_dags/example_short_circuit_operator.py
[2022-10-08T10:42:15.350+0000] {logging_mixin.py:117} INFO - [2022-10-08T10:42:15.350+0000] {dag.py:2573} INFO - Sync 1 DAGs
[2022-10-08T10:42:15.375+0000] {logging_mixin.py:117} INFO - [2022-10-08T10:42:15.375+0000] {dag.py:3328} INFO - Setting next_dagrun for example_short_circuit_operator to 2022-10-07T10:42:15.375042+00:00, run_after=2022-10-08T10:42:15.375042+00:00
[2022-10-08T10:42:15.392+0000] {processor.py:178} INFO - Processing /home/airflow/.local/lib/python3.7/site-packages/airflow/example_dags/example_short_circuit_operator.py took 0.099 seconds
[2022-10-08T10:42:45.874+0000] {processor.py:156} INFO - Started process (PID=5403) to work on /home/airflow/.local/lib/python3.7/site-packages/airflow/example_dags/example_short_circuit_operator.py
[2022-10-08T10:42:45.875+0000] {processor.py:758} INFO - Processing file /home/airflow/.local/lib/python3.7/site-packages/airflow/example_dags/example_short_circuit_operator.py for tasks to queue
[2022-10-08T10:42:45.875+0000] {logging_mixin.py:117} INFO - [2022-10-08T10:42:45.875+0000] {dagbag.py:525} INFO - Filling up the DagBag from /home/airflow/.local/lib/python3.7/site-packages/airflow/example_dags/example_short_circuit_operator.py
[2022-10-08T10:42:45.891+0000] {processor.py:768} INFO - DAG(s) dict_keys(['example_short_circuit_operator']) retrieved from /home/airflow/.local/lib/python3.7/site-packages/airflow/example_dags/example_short_circuit_operator.py
[2022-10-08T10:42:45.930+0000] {logging_mixin.py:117} INFO - [2022-10-08T10:42:45.930+0000] {dag.py:2573} INFO - Sync 1 DAGs
[2022-10-08T10:42:45.954+0000] {logging_mixin.py:117} INFO - [2022-10-08T10:42:45.954+0000] {dag.py:3328} INFO - Setting next_dagrun for example_short_circuit_operator to 2022-10-07T10:42:45.954170+00:00, run_after=2022-10-08T10:42:45.954170+00:00
[2022-10-08T10:42:45.973+0000] {processor.py:178} INFO - Processing /home/airflow/.local/lib/python3.7/site-packages/airflow/example_dags/example_short_circuit_operator.py took 0.101 seconds
[2022-10-08T10:43:16.401+0000] {processor.py:156} INFO - Started process (PID=5612) to work on /home/airflow/.local/lib/python3.7/site-packages/airflow/example_dags/example_short_circuit_operator.py
[2022-10-08T10:43:16.402+0000] {processor.py:758} INFO - Processing file /home/airflow/.local/lib/python3.7/site-packages/airflow/example_dags/example_short_circuit_operator.py for tasks to queue
[2022-10-08T10:43:16.402+0000] {logging_mixin.py:117} INFO - [2022-10-08T10:43:16.402+0000] {dagbag.py:525} INFO - Filling up the DagBag from /home/airflow/.local/lib/python3.7/site-packages/airflow/example_dags/example_short_circuit_operator.py
[2022-10-08T10:43:16.418+0000] {processor.py:768} INFO - DAG(s) dict_keys(['example_short_circuit_operator']) retrieved from /home/airflow/.local/lib/python3.7/site-packages/airflow/example_dags/example_short_circuit_operator.py
[2022-10-08T10:43:16.455+0000] {logging_mixin.py:117} INFO - [2022-10-08T10:43:16.455+0000] {dag.py:2573} INFO - Sync 1 DAGs
[2022-10-08T10:43:16.479+0000] {logging_mixin.py:117} INFO - [2022-10-08T10:43:16.479+0000] {dag.py:3328} INFO - Setting next_dagrun for example_short_circuit_operator to 2022-10-07T10:43:16.478965+00:00, run_after=2022-10-08T10:43:16.478965+00:00
[2022-10-08T10:43:16.495+0000] {processor.py:178} INFO - Processing /home/airflow/.local/lib/python3.7/site-packages/airflow/example_dags/example_short_circuit_operator.py took 0.097 seconds
[2022-10-08T10:43:46.917+0000] {processor.py:156} INFO - Started process (PID=5808) to work on /home/airflow/.local/lib/python3.7/site-packages/airflow/example_dags/example_short_circuit_operator.py
[2022-10-08T10:43:46.918+0000] {processor.py:758} INFO - Processing file /home/airflow/.local/lib/python3.7/site-packages/airflow/example_dags/example_short_circuit_operator.py for tasks to queue
[2022-10-08T10:43:46.918+0000] {logging_mixin.py:117} INFO - [2022-10-08T10:43:46.918+0000] {dagbag.py:525} INFO - Filling up the DagBag from /home/airflow/.local/lib/python3.7/site-packages/airflow/example_dags/example_short_circuit_operator.py
[2022-10-08T10:43:46.934+0000] {processor.py:768} INFO - DAG(s) dict_keys(['example_short_circuit_operator']) retrieved from /home/airflow/.local/lib/python3.7/site-packages/airflow/example_dags/example_short_circuit_operator.py
[2022-10-08T10:43:46.973+0000] {logging_mixin.py:117} INFO - [2022-10-08T10:43:46.972+0000] {dag.py:2573} INFO - Sync 1 DAGs
[2022-10-08T10:43:46.996+0000] {logging_mixin.py:117} INFO - [2022-10-08T10:43:46.996+0000] {dag.py:3328} INFO - Setting next_dagrun for example_short_circuit_operator to 2022-10-07T10:43:46.995920+00:00, run_after=2022-10-08T10:43:46.995920+00:00
[2022-10-08T10:43:47.013+0000] {processor.py:178} INFO - Processing /home/airflow/.local/lib/python3.7/site-packages/airflow/example_dags/example_short_circuit_operator.py took 0.099 seconds
[2022-10-08T10:44:17.728+0000] {processor.py:156} INFO - Started process (PID=6017) to work on /home/airflow/.local/lib/python3.7/site-packages/airflow/example_dags/example_short_circuit_operator.py
[2022-10-08T10:44:17.729+0000] {processor.py:758} INFO - Processing file /home/airflow/.local/lib/python3.7/site-packages/airflow/example_dags/example_short_circuit_operator.py for tasks to queue
[2022-10-08T10:44:17.729+0000] {logging_mixin.py:117} INFO - [2022-10-08T10:44:17.729+0000] {dagbag.py:525} INFO - Filling up the DagBag from /home/airflow/.local/lib/python3.7/site-packages/airflow/example_dags/example_short_circuit_operator.py
[2022-10-08T10:44:17.745+0000] {processor.py:768} INFO - DAG(s) dict_keys(['example_short_circuit_operator']) retrieved from /home/airflow/.local/lib/python3.7/site-packages/airflow/example_dags/example_short_circuit_operator.py
[2022-10-08T10:44:17.782+0000] {logging_mixin.py:117} INFO - [2022-10-08T10:44:17.782+0000] {dag.py:2573} INFO - Sync 1 DAGs
[2022-10-08T10:44:17.805+0000] {logging_mixin.py:117} INFO - [2022-10-08T10:44:17.805+0000] {dag.py:3328} INFO - Setting next_dagrun for example_short_circuit_operator to 2022-10-07T10:44:17.805465+00:00, run_after=2022-10-08T10:44:17.805465+00:00
[2022-10-08T10:44:17.822+0000] {processor.py:178} INFO - Processing /home/airflow/.local/lib/python3.7/site-packages/airflow/example_dags/example_short_circuit_operator.py took 0.096 seconds
[2022-10-08T10:44:48.344+0000] {processor.py:156} INFO - Started process (PID=6224) to work on /home/airflow/.local/lib/python3.7/site-packages/airflow/example_dags/example_short_circuit_operator.py
[2022-10-08T10:44:48.345+0000] {processor.py:758} INFO - Processing file /home/airflow/.local/lib/python3.7/site-packages/airflow/example_dags/example_short_circuit_operator.py for tasks to queue
[2022-10-08T10:44:48.345+0000] {logging_mixin.py:117} INFO - [2022-10-08T10:44:48.345+0000] {dagbag.py:525} INFO - Filling up the DagBag from /home/airflow/.local/lib/python3.7/site-packages/airflow/example_dags/example_short_circuit_operator.py
[2022-10-08T10:44:48.362+0000] {processor.py:768} INFO - DAG(s) dict_keys(['example_short_circuit_operator']) retrieved from /home/airflow/.local/lib/python3.7/site-packages/airflow/example_dags/example_short_circuit_operator.py
[2022-10-08T10:44:48.400+0000] {logging_mixin.py:117} INFO - [2022-10-08T10:44:48.400+0000] {dag.py:2573} INFO - Sync 1 DAGs
[2022-10-08T10:44:48.423+0000] {logging_mixin.py:117} INFO - [2022-10-08T10:44:48.423+0000] {dag.py:3328} INFO - Setting next_dagrun for example_short_circuit_operator to 2022-10-07T10:44:48.423073+00:00, run_after=2022-10-08T10:44:48.423073+00:00
[2022-10-08T10:44:48.440+0000] {processor.py:178} INFO - Processing /home/airflow/.local/lib/python3.7/site-packages/airflow/example_dags/example_short_circuit_operator.py took 0.099 seconds
[2022-10-08T10:45:19.020+0000] {processor.py:156} INFO - Started process (PID=6422) to work on /home/airflow/.local/lib/python3.7/site-packages/airflow/example_dags/example_short_circuit_operator.py
[2022-10-08T10:45:19.021+0000] {processor.py:758} INFO - Processing file /home/airflow/.local/lib/python3.7/site-packages/airflow/example_dags/example_short_circuit_operator.py for tasks to queue
[2022-10-08T10:45:19.021+0000] {logging_mixin.py:117} INFO - [2022-10-08T10:45:19.021+0000] {dagbag.py:525} INFO - Filling up the DagBag from /home/airflow/.local/lib/python3.7/site-packages/airflow/example_dags/example_short_circuit_operator.py
[2022-10-08T10:45:19.036+0000] {processor.py:768} INFO - DAG(s) dict_keys(['example_short_circuit_operator']) retrieved from /home/airflow/.local/lib/python3.7/site-packages/airflow/example_dags/example_short_circuit_operator.py
[2022-10-08T10:45:19.075+0000] {logging_mixin.py:117} INFO - [2022-10-08T10:45:19.075+0000] {dag.py:2573} INFO - Sync 1 DAGs
[2022-10-08T10:45:19.101+0000] {logging_mixin.py:117} INFO - [2022-10-08T10:45:19.101+0000] {dag.py:3328} INFO - Setting next_dagrun for example_short_circuit_operator to 2022-10-07T10:45:19.101012+00:00, run_after=2022-10-08T10:45:19.101012+00:00
[2022-10-08T10:45:19.122+0000] {processor.py:178} INFO - Processing /home/airflow/.local/lib/python3.7/site-packages/airflow/example_dags/example_short_circuit_operator.py took 0.105 seconds
[2022-10-08T10:45:49.322+0000] {processor.py:156} INFO - Started process (PID=6627) to work on /home/airflow/.local/lib/python3.7/site-packages/airflow/example_dags/example_short_circuit_operator.py
[2022-10-08T10:45:49.323+0000] {processor.py:758} INFO - Processing file /home/airflow/.local/lib/python3.7/site-packages/airflow/example_dags/example_short_circuit_operator.py for tasks to queue
[2022-10-08T10:45:49.324+0000] {logging_mixin.py:117} INFO - [2022-10-08T10:45:49.324+0000] {dagbag.py:525} INFO - Filling up the DagBag from /home/airflow/.local/lib/python3.7/site-packages/airflow/example_dags/example_short_circuit_operator.py
[2022-10-08T10:45:49.339+0000] {processor.py:768} INFO - DAG(s) dict_keys(['example_short_circuit_operator']) retrieved from /home/airflow/.local/lib/python3.7/site-packages/airflow/example_dags/example_short_circuit_operator.py
[2022-10-08T10:45:49.378+0000] {logging_mixin.py:117} INFO - [2022-10-08T10:45:49.378+0000] {dag.py:2573} INFO - Sync 1 DAGs
[2022-10-08T10:45:49.405+0000] {logging_mixin.py:117} INFO - [2022-10-08T10:45:49.405+0000] {dag.py:3328} INFO - Setting next_dagrun for example_short_circuit_operator to 2022-10-07T10:45:49.404825+00:00, run_after=2022-10-08T10:45:49.404825+00:00
[2022-10-08T10:45:49.422+0000] {processor.py:178} INFO - Processing /home/airflow/.local/lib/python3.7/site-packages/airflow/example_dags/example_short_circuit_operator.py took 0.102 seconds
[2022-10-08T10:46:20.042+0000] {processor.py:156} INFO - Started process (PID=6836) to work on /home/airflow/.local/lib/python3.7/site-packages/airflow/example_dags/example_short_circuit_operator.py
[2022-10-08T10:46:20.043+0000] {processor.py:758} INFO - Processing file /home/airflow/.local/lib/python3.7/site-packages/airflow/example_dags/example_short_circuit_operator.py for tasks to queue
[2022-10-08T10:46:20.043+0000] {logging_mixin.py:117} INFO - [2022-10-08T10:46:20.043+0000] {dagbag.py:525} INFO - Filling up the DagBag from /home/airflow/.local/lib/python3.7/site-packages/airflow/example_dags/example_short_circuit_operator.py
[2022-10-08T10:46:20.058+0000] {processor.py:768} INFO - DAG(s) dict_keys(['example_short_circuit_operator']) retrieved from /home/airflow/.local/lib/python3.7/site-packages/airflow/example_dags/example_short_circuit_operator.py
[2022-10-08T10:46:20.095+0000] {logging_mixin.py:117} INFO - [2022-10-08T10:46:20.095+0000] {dag.py:2573} INFO - Sync 1 DAGs
[2022-10-08T10:46:20.120+0000] {logging_mixin.py:117} INFO - [2022-10-08T10:46:20.120+0000] {dag.py:3328} INFO - Setting next_dagrun for example_short_circuit_operator to 2022-10-07T10:46:20.119962+00:00, run_after=2022-10-08T10:46:20.119962+00:00
[2022-10-08T10:46:20.137+0000] {processor.py:178} INFO - Processing /home/airflow/.local/lib/python3.7/site-packages/airflow/example_dags/example_short_circuit_operator.py took 0.098 seconds
[2022-10-08T10:46:50.701+0000] {processor.py:156} INFO - Started process (PID=7034) to work on /home/airflow/.local/lib/python3.7/site-packages/airflow/example_dags/example_short_circuit_operator.py
[2022-10-08T10:46:50.702+0000] {processor.py:758} INFO - Processing file /home/airflow/.local/lib/python3.7/site-packages/airflow/example_dags/example_short_circuit_operator.py for tasks to queue
[2022-10-08T10:46:50.702+0000] {logging_mixin.py:117} INFO - [2022-10-08T10:46:50.702+0000] {dagbag.py:525} INFO - Filling up the DagBag from /home/airflow/.local/lib/python3.7/site-packages/airflow/example_dags/example_short_circuit_operator.py
[2022-10-08T10:46:50.717+0000] {processor.py:768} INFO - DAG(s) dict_keys(['example_short_circuit_operator']) retrieved from /home/airflow/.local/lib/python3.7/site-packages/airflow/example_dags/example_short_circuit_operator.py
[2022-10-08T10:46:50.753+0000] {logging_mixin.py:117} INFO - [2022-10-08T10:46:50.753+0000] {dag.py:2573} INFO - Sync 1 DAGs
[2022-10-08T10:46:50.776+0000] {logging_mixin.py:117} INFO - [2022-10-08T10:46:50.776+0000] {dag.py:3328} INFO - Setting next_dagrun for example_short_circuit_operator to 2022-10-07T10:46:50.776155+00:00, run_after=2022-10-08T10:46:50.776155+00:00
[2022-10-08T10:46:50.796+0000] {processor.py:178} INFO - Processing /home/airflow/.local/lib/python3.7/site-packages/airflow/example_dags/example_short_circuit_operator.py took 0.097 seconds
[2022-10-08T10:47:20.933+0000] {processor.py:156} INFO - Started process (PID=7241) to work on /home/airflow/.local/lib/python3.7/site-packages/airflow/example_dags/example_short_circuit_operator.py
[2022-10-08T10:47:20.934+0000] {processor.py:758} INFO - Processing file /home/airflow/.local/lib/python3.7/site-packages/airflow/example_dags/example_short_circuit_operator.py for tasks to queue
[2022-10-08T10:47:20.934+0000] {logging_mixin.py:117} INFO - [2022-10-08T10:47:20.934+0000] {dagbag.py:525} INFO - Filling up the DagBag from /home/airflow/.local/lib/python3.7/site-packages/airflow/example_dags/example_short_circuit_operator.py
[2022-10-08T10:47:20.950+0000] {processor.py:768} INFO - DAG(s) dict_keys(['example_short_circuit_operator']) retrieved from /home/airflow/.local/lib/python3.7/site-packages/airflow/example_dags/example_short_circuit_operator.py
[2022-10-08T10:47:20.988+0000] {logging_mixin.py:117} INFO - [2022-10-08T10:47:20.988+0000] {dag.py:2573} INFO - Sync 1 DAGs
[2022-10-08T10:47:21.012+0000] {logging_mixin.py:117} INFO - [2022-10-08T10:47:21.012+0000] {dag.py:3328} INFO - Setting next_dagrun for example_short_circuit_operator to 2022-10-07T10:47:21.012572+00:00, run_after=2022-10-08T10:47:21.012572+00:00
[2022-10-08T10:47:21.029+0000] {processor.py:178} INFO - Processing /home/airflow/.local/lib/python3.7/site-packages/airflow/example_dags/example_short_circuit_operator.py took 0.099 seconds
[2022-10-08T10:47:51.667+0000] {processor.py:156} INFO - Started process (PID=7446) to work on /home/airflow/.local/lib/python3.7/site-packages/airflow/example_dags/example_short_circuit_operator.py
[2022-10-08T10:47:51.668+0000] {processor.py:758} INFO - Processing file /home/airflow/.local/lib/python3.7/site-packages/airflow/example_dags/example_short_circuit_operator.py for tasks to queue
[2022-10-08T10:47:51.669+0000] {logging_mixin.py:117} INFO - [2022-10-08T10:47:51.669+0000] {dagbag.py:525} INFO - Filling up the DagBag from /home/airflow/.local/lib/python3.7/site-packages/airflow/example_dags/example_short_circuit_operator.py
[2022-10-08T10:47:51.684+0000] {processor.py:768} INFO - DAG(s) dict_keys(['example_short_circuit_operator']) retrieved from /home/airflow/.local/lib/python3.7/site-packages/airflow/example_dags/example_short_circuit_operator.py
[2022-10-08T10:47:51.765+0000] {logging_mixin.py:117} INFO - [2022-10-08T10:47:51.765+0000] {dag.py:2573} INFO - Sync 1 DAGs
[2022-10-08T10:47:51.789+0000] {logging_mixin.py:117} INFO - [2022-10-08T10:47:51.789+0000] {dag.py:3328} INFO - Setting next_dagrun for example_short_circuit_operator to 2022-10-07T10:47:51.788924+00:00, run_after=2022-10-08T10:47:51.788924+00:00
[2022-10-08T10:47:51.805+0000] {processor.py:178} INFO - Processing /home/airflow/.local/lib/python3.7/site-packages/airflow/example_dags/example_short_circuit_operator.py took 0.141 seconds
[2022-10-08T10:48:22.877+0000] {processor.py:156} INFO - Started process (PID=7646) to work on /home/airflow/.local/lib/python3.7/site-packages/airflow/example_dags/example_short_circuit_operator.py
[2022-10-08T10:48:22.878+0000] {processor.py:758} INFO - Processing file /home/airflow/.local/lib/python3.7/site-packages/airflow/example_dags/example_short_circuit_operator.py for tasks to queue
[2022-10-08T10:48:22.878+0000] {logging_mixin.py:117} INFO - [2022-10-08T10:48:22.878+0000] {dagbag.py:525} INFO - Filling up the DagBag from /home/airflow/.local/lib/python3.7/site-packages/airflow/example_dags/example_short_circuit_operator.py
[2022-10-08T10:48:22.894+0000] {processor.py:768} INFO - DAG(s) dict_keys(['example_short_circuit_operator']) retrieved from /home/airflow/.local/lib/python3.7/site-packages/airflow/example_dags/example_short_circuit_operator.py
[2022-10-08T10:48:22.933+0000] {logging_mixin.py:117} INFO - [2022-10-08T10:48:22.933+0000] {dag.py:2573} INFO - Sync 1 DAGs
[2022-10-08T10:48:22.957+0000] {logging_mixin.py:117} INFO - [2022-10-08T10:48:22.957+0000] {dag.py:3328} INFO - Setting next_dagrun for example_short_circuit_operator to 2022-10-07T10:48:22.957519+00:00, run_after=2022-10-08T10:48:22.957519+00:00
[2022-10-08T10:48:22.974+0000] {processor.py:178} INFO - Processing /home/airflow/.local/lib/python3.7/site-packages/airflow/example_dags/example_short_circuit_operator.py took 0.100 seconds
[2022-10-08T10:48:53.394+0000] {processor.py:156} INFO - Started process (PID=7853) to work on /home/airflow/.local/lib/python3.7/site-packages/airflow/example_dags/example_short_circuit_operator.py
[2022-10-08T10:48:53.395+0000] {processor.py:758} INFO - Processing file /home/airflow/.local/lib/python3.7/site-packages/airflow/example_dags/example_short_circuit_operator.py for tasks to queue
[2022-10-08T10:48:53.395+0000] {logging_mixin.py:117} INFO - [2022-10-08T10:48:53.395+0000] {dagbag.py:525} INFO - Filling up the DagBag from /home/airflow/.local/lib/python3.7/site-packages/airflow/example_dags/example_short_circuit_operator.py
[2022-10-08T10:48:53.410+0000] {processor.py:768} INFO - DAG(s) dict_keys(['example_short_circuit_operator']) retrieved from /home/airflow/.local/lib/python3.7/site-packages/airflow/example_dags/example_short_circuit_operator.py
[2022-10-08T10:48:53.446+0000] {logging_mixin.py:117} INFO - [2022-10-08T10:48:53.446+0000] {dag.py:2573} INFO - Sync 1 DAGs
[2022-10-08T10:48:53.469+0000] {logging_mixin.py:117} INFO - [2022-10-08T10:48:53.469+0000] {dag.py:3328} INFO - Setting next_dagrun for example_short_circuit_operator to 2022-10-07T10:48:53.469187+00:00, run_after=2022-10-08T10:48:53.469187+00:00
[2022-10-08T10:48:53.486+0000] {processor.py:178} INFO - Processing /home/airflow/.local/lib/python3.7/site-packages/airflow/example_dags/example_short_circuit_operator.py took 0.095 seconds
[2022-10-08T10:49:24.232+0000] {processor.py:156} INFO - Started process (PID=8060) to work on /home/airflow/.local/lib/python3.7/site-packages/airflow/example_dags/example_short_circuit_operator.py
[2022-10-08T10:49:24.233+0000] {processor.py:758} INFO - Processing file /home/airflow/.local/lib/python3.7/site-packages/airflow/example_dags/example_short_circuit_operator.py for tasks to queue
[2022-10-08T10:49:24.233+0000] {logging_mixin.py:117} INFO - [2022-10-08T10:49:24.233+0000] {dagbag.py:525} INFO - Filling up the DagBag from /home/airflow/.local/lib/python3.7/site-packages/airflow/example_dags/example_short_circuit_operator.py
[2022-10-08T10:49:24.248+0000] {processor.py:768} INFO - DAG(s) dict_keys(['example_short_circuit_operator']) retrieved from /home/airflow/.local/lib/python3.7/site-packages/airflow/example_dags/example_short_circuit_operator.py
[2022-10-08T10:49:24.285+0000] {logging_mixin.py:117} INFO - [2022-10-08T10:49:24.285+0000] {dag.py:2573} INFO - Sync 1 DAGs
[2022-10-08T10:49:24.309+0000] {logging_mixin.py:117} INFO - [2022-10-08T10:49:24.309+0000] {dag.py:3328} INFO - Setting next_dagrun for example_short_circuit_operator to 2022-10-07T10:49:24.308906+00:00, run_after=2022-10-08T10:49:24.308906+00:00
[2022-10-08T10:49:24.325+0000] {processor.py:178} INFO - Processing /home/airflow/.local/lib/python3.7/site-packages/airflow/example_dags/example_short_circuit_operator.py took 0.096 seconds
[2022-10-08T10:49:56.796+0000] {processor.py:156} INFO - Started process (PID=8272) to work on /home/airflow/.local/lib/python3.7/site-packages/airflow/example_dags/example_short_circuit_operator.py
[2022-10-08T10:49:56.797+0000] {processor.py:758} INFO - Processing file /home/airflow/.local/lib/python3.7/site-packages/airflow/example_dags/example_short_circuit_operator.py for tasks to queue
[2022-10-08T10:49:56.797+0000] {logging_mixin.py:117} INFO - [2022-10-08T10:49:56.797+0000] {dagbag.py:525} INFO - Filling up the DagBag from /home/airflow/.local/lib/python3.7/site-packages/airflow/example_dags/example_short_circuit_operator.py
[2022-10-08T10:49:56.881+0000] {processor.py:768} INFO - DAG(s) dict_keys(['example_short_circuit_operator']) retrieved from /home/airflow/.local/lib/python3.7/site-packages/airflow/example_dags/example_short_circuit_operator.py
[2022-10-08T10:49:56.997+0000] {logging_mixin.py:117} INFO - [2022-10-08T10:49:56.997+0000] {dag.py:2573} INFO - Sync 1 DAGs
[2022-10-08T10:49:57.086+0000] {logging_mixin.py:117} INFO - [2022-10-08T10:49:57.086+0000] {dag.py:3328} INFO - Setting next_dagrun for example_short_circuit_operator to 2022-10-07T10:49:57.086078+00:00, run_after=2022-10-08T10:49:57.086078+00:00
[2022-10-08T10:49:57.165+0000] {processor.py:178} INFO - Processing /home/airflow/.local/lib/python3.7/site-packages/airflow/example_dags/example_short_circuit_operator.py took 0.372 seconds
[2022-10-08T10:50:27.791+0000] {processor.py:156} INFO - Started process (PID=8505) to work on /home/airflow/.local/lib/python3.7/site-packages/airflow/example_dags/example_short_circuit_operator.py
[2022-10-08T10:50:27.791+0000] {processor.py:758} INFO - Processing file /home/airflow/.local/lib/python3.7/site-packages/airflow/example_dags/example_short_circuit_operator.py for tasks to queue
[2022-10-08T10:50:27.792+0000] {logging_mixin.py:117} INFO - [2022-10-08T10:50:27.792+0000] {dagbag.py:525} INFO - Filling up the DagBag from /home/airflow/.local/lib/python3.7/site-packages/airflow/example_dags/example_short_circuit_operator.py
[2022-10-08T10:50:27.807+0000] {processor.py:768} INFO - DAG(s) dict_keys(['example_short_circuit_operator']) retrieved from /home/airflow/.local/lib/python3.7/site-packages/airflow/example_dags/example_short_circuit_operator.py
[2022-10-08T10:50:27.871+0000] {logging_mixin.py:117} INFO - [2022-10-08T10:50:27.871+0000] {dag.py:2573} INFO - Sync 1 DAGs
[2022-10-08T10:50:27.900+0000] {logging_mixin.py:117} INFO - [2022-10-08T10:50:27.900+0000] {dag.py:3328} INFO - Setting next_dagrun for example_short_circuit_operator to 2022-10-07T10:50:27.900195+00:00, run_after=2022-10-08T10:50:27.900195+00:00
[2022-10-08T10:50:27.917+0000] {processor.py:178} INFO - Processing /home/airflow/.local/lib/python3.7/site-packages/airflow/example_dags/example_short_circuit_operator.py took 0.129 seconds
[2022-10-08T10:50:58.242+0000] {processor.py:156} INFO - Started process (PID=8717) to work on /home/airflow/.local/lib/python3.7/site-packages/airflow/example_dags/example_short_circuit_operator.py
[2022-10-08T10:50:58.243+0000] {processor.py:758} INFO - Processing file /home/airflow/.local/lib/python3.7/site-packages/airflow/example_dags/example_short_circuit_operator.py for tasks to queue
[2022-10-08T10:50:58.243+0000] {logging_mixin.py:117} INFO - [2022-10-08T10:50:58.243+0000] {dagbag.py:525} INFO - Filling up the DagBag from /home/airflow/.local/lib/python3.7/site-packages/airflow/example_dags/example_short_circuit_operator.py
[2022-10-08T10:50:58.259+0000] {processor.py:768} INFO - DAG(s) dict_keys(['example_short_circuit_operator']) retrieved from /home/airflow/.local/lib/python3.7/site-packages/airflow/example_dags/example_short_circuit_operator.py
[2022-10-08T10:50:58.297+0000] {logging_mixin.py:117} INFO - [2022-10-08T10:50:58.297+0000] {dag.py:2573} INFO - Sync 1 DAGs
[2022-10-08T10:50:58.322+0000] {logging_mixin.py:117} INFO - [2022-10-08T10:50:58.322+0000] {dag.py:3328} INFO - Setting next_dagrun for example_short_circuit_operator to 2022-10-07T10:50:58.321879+00:00, run_after=2022-10-08T10:50:58.321879+00:00
[2022-10-08T10:50:58.339+0000] {processor.py:178} INFO - Processing /home/airflow/.local/lib/python3.7/site-packages/airflow/example_dags/example_short_circuit_operator.py took 0.099 seconds
[2022-10-08T10:51:28.889+0000] {processor.py:156} INFO - Started process (PID=8927) to work on /home/airflow/.local/lib/python3.7/site-packages/airflow/example_dags/example_short_circuit_operator.py
[2022-10-08T10:51:28.890+0000] {processor.py:758} INFO - Processing file /home/airflow/.local/lib/python3.7/site-packages/airflow/example_dags/example_short_circuit_operator.py for tasks to queue
[2022-10-08T10:51:28.890+0000] {logging_mixin.py:117} INFO - [2022-10-08T10:51:28.890+0000] {dagbag.py:525} INFO - Filling up the DagBag from /home/airflow/.local/lib/python3.7/site-packages/airflow/example_dags/example_short_circuit_operator.py
[2022-10-08T10:51:28.905+0000] {processor.py:768} INFO - DAG(s) dict_keys(['example_short_circuit_operator']) retrieved from /home/airflow/.local/lib/python3.7/site-packages/airflow/example_dags/example_short_circuit_operator.py
[2022-10-08T10:51:28.999+0000] {logging_mixin.py:117} INFO - [2022-10-08T10:51:28.999+0000] {dag.py:2573} INFO - Sync 1 DAGs
[2022-10-08T10:51:29.078+0000] {logging_mixin.py:117} INFO - [2022-10-08T10:51:29.078+0000] {dag.py:3328} INFO - Setting next_dagrun for example_short_circuit_operator to 2022-10-07T10:51:29.078324+00:00, run_after=2022-10-08T10:51:29.078324+00:00
[2022-10-08T10:51:29.097+0000] {processor.py:178} INFO - Processing /home/airflow/.local/lib/python3.7/site-packages/airflow/example_dags/example_short_circuit_operator.py took 0.210 seconds
[2022-10-08T10:51:59.274+0000] {processor.py:156} INFO - Started process (PID=9130) to work on /home/airflow/.local/lib/python3.7/site-packages/airflow/example_dags/example_short_circuit_operator.py
[2022-10-08T10:51:59.275+0000] {processor.py:758} INFO - Processing file /home/airflow/.local/lib/python3.7/site-packages/airflow/example_dags/example_short_circuit_operator.py for tasks to queue
[2022-10-08T10:51:59.275+0000] {logging_mixin.py:117} INFO - [2022-10-08T10:51:59.275+0000] {dagbag.py:525} INFO - Filling up the DagBag from /home/airflow/.local/lib/python3.7/site-packages/airflow/example_dags/example_short_circuit_operator.py
[2022-10-08T10:51:59.290+0000] {processor.py:768} INFO - DAG(s) dict_keys(['example_short_circuit_operator']) retrieved from /home/airflow/.local/lib/python3.7/site-packages/airflow/example_dags/example_short_circuit_operator.py
[2022-10-08T10:51:59.326+0000] {logging_mixin.py:117} INFO - [2022-10-08T10:51:59.326+0000] {dag.py:2573} INFO - Sync 1 DAGs
[2022-10-08T10:51:59.349+0000] {logging_mixin.py:117} INFO - [2022-10-08T10:51:59.348+0000] {dag.py:3328} INFO - Setting next_dagrun for example_short_circuit_operator to 2022-10-07T10:51:59.348755+00:00, run_after=2022-10-08T10:51:59.348755+00:00
[2022-10-08T10:51:59.367+0000] {processor.py:178} INFO - Processing /home/airflow/.local/lib/python3.7/site-packages/airflow/example_dags/example_short_circuit_operator.py took 0.096 seconds
[2022-10-08T10:52:30.267+0000] {processor.py:156} INFO - Started process (PID=9392) to work on /home/airflow/.local/lib/python3.7/site-packages/airflow/example_dags/example_short_circuit_operator.py
[2022-10-08T10:52:30.268+0000] {processor.py:758} INFO - Processing file /home/airflow/.local/lib/python3.7/site-packages/airflow/example_dags/example_short_circuit_operator.py for tasks to queue
[2022-10-08T10:52:30.269+0000] {logging_mixin.py:117} INFO - [2022-10-08T10:52:30.268+0000] {dagbag.py:525} INFO - Filling up the DagBag from /home/airflow/.local/lib/python3.7/site-packages/airflow/example_dags/example_short_circuit_operator.py
[2022-10-08T10:52:30.285+0000] {processor.py:768} INFO - DAG(s) dict_keys(['example_short_circuit_operator']) retrieved from /home/airflow/.local/lib/python3.7/site-packages/airflow/example_dags/example_short_circuit_operator.py
[2022-10-08T10:52:30.365+0000] {logging_mixin.py:117} INFO - [2022-10-08T10:52:30.365+0000] {dag.py:2573} INFO - Sync 1 DAGs
[2022-10-08T10:52:30.389+0000] {logging_mixin.py:117} INFO - [2022-10-08T10:52:30.389+0000] {dag.py:3328} INFO - Setting next_dagrun for example_short_circuit_operator to 2022-10-07T10:52:30.388970+00:00, run_after=2022-10-08T10:52:30.388970+00:00
[2022-10-08T10:52:30.405+0000] {processor.py:178} INFO - Processing /home/airflow/.local/lib/python3.7/site-packages/airflow/example_dags/example_short_circuit_operator.py took 0.141 seconds
[2022-10-08T10:53:00.672+0000] {processor.py:156} INFO - Started process (PID=9642) to work on /home/airflow/.local/lib/python3.7/site-packages/airflow/example_dags/example_short_circuit_operator.py
[2022-10-08T10:53:00.673+0000] {processor.py:758} INFO - Processing file /home/airflow/.local/lib/python3.7/site-packages/airflow/example_dags/example_short_circuit_operator.py for tasks to queue
[2022-10-08T10:53:00.674+0000] {logging_mixin.py:117} INFO - [2022-10-08T10:53:00.674+0000] {dagbag.py:525} INFO - Filling up the DagBag from /home/airflow/.local/lib/python3.7/site-packages/airflow/example_dags/example_short_circuit_operator.py
[2022-10-08T10:53:00.766+0000] {processor.py:768} INFO - DAG(s) dict_keys(['example_short_circuit_operator']) retrieved from /home/airflow/.local/lib/python3.7/site-packages/airflow/example_dags/example_short_circuit_operator.py
[2022-10-08T10:53:00.867+0000] {logging_mixin.py:117} INFO - [2022-10-08T10:53:00.867+0000] {dag.py:2573} INFO - Sync 1 DAGs
[2022-10-08T10:53:00.895+0000] {logging_mixin.py:117} INFO - [2022-10-08T10:53:00.895+0000] {dag.py:3328} INFO - Setting next_dagrun for example_short_circuit_operator to 2022-10-07T10:53:00.894801+00:00, run_after=2022-10-08T10:53:00.894801+00:00
[2022-10-08T10:53:00.985+0000] {processor.py:178} INFO - Processing /home/airflow/.local/lib/python3.7/site-packages/airflow/example_dags/example_short_circuit_operator.py took 0.318 seconds
[2022-10-08T10:53:31.649+0000] {processor.py:156} INFO - Started process (PID=9877) to work on /home/airflow/.local/lib/python3.7/site-packages/airflow/example_dags/example_short_circuit_operator.py
[2022-10-08T10:53:31.649+0000] {processor.py:758} INFO - Processing file /home/airflow/.local/lib/python3.7/site-packages/airflow/example_dags/example_short_circuit_operator.py for tasks to queue
[2022-10-08T10:53:31.650+0000] {logging_mixin.py:117} INFO - [2022-10-08T10:53:31.650+0000] {dagbag.py:525} INFO - Filling up the DagBag from /home/airflow/.local/lib/python3.7/site-packages/airflow/example_dags/example_short_circuit_operator.py
[2022-10-08T10:53:31.664+0000] {processor.py:768} INFO - DAG(s) dict_keys(['example_short_circuit_operator']) retrieved from /home/airflow/.local/lib/python3.7/site-packages/airflow/example_dags/example_short_circuit_operator.py
[2022-10-08T10:53:31.702+0000] {logging_mixin.py:117} INFO - [2022-10-08T10:53:31.702+0000] {dag.py:2573} INFO - Sync 1 DAGs
[2022-10-08T10:53:31.725+0000] {logging_mixin.py:117} INFO - [2022-10-08T10:53:31.725+0000] {dag.py:3328} INFO - Setting next_dagrun for example_short_circuit_operator to 2022-10-07T10:53:31.725204+00:00, run_after=2022-10-08T10:53:31.725204+00:00
[2022-10-08T10:53:31.743+0000] {processor.py:178} INFO - Processing /home/airflow/.local/lib/python3.7/site-packages/airflow/example_dags/example_short_circuit_operator.py took 0.097 seconds
[2022-10-08T10:54:02.492+0000] {processor.py:156} INFO - Started process (PID=10089) to work on /home/airflow/.local/lib/python3.7/site-packages/airflow/example_dags/example_short_circuit_operator.py
[2022-10-08T10:54:02.493+0000] {processor.py:758} INFO - Processing file /home/airflow/.local/lib/python3.7/site-packages/airflow/example_dags/example_short_circuit_operator.py for tasks to queue
[2022-10-08T10:54:02.493+0000] {logging_mixin.py:117} INFO - [2022-10-08T10:54:02.493+0000] {dagbag.py:525} INFO - Filling up the DagBag from /home/airflow/.local/lib/python3.7/site-packages/airflow/example_dags/example_short_circuit_operator.py
[2022-10-08T10:54:02.509+0000] {processor.py:768} INFO - DAG(s) dict_keys(['example_short_circuit_operator']) retrieved from /home/airflow/.local/lib/python3.7/site-packages/airflow/example_dags/example_short_circuit_operator.py
[2022-10-08T10:54:02.546+0000] {logging_mixin.py:117} INFO - [2022-10-08T10:54:02.546+0000] {dag.py:2573} INFO - Sync 1 DAGs
[2022-10-08T10:54:02.570+0000] {logging_mixin.py:117} INFO - [2022-10-08T10:54:02.570+0000] {dag.py:3328} INFO - Setting next_dagrun for example_short_circuit_operator to 2022-10-07T10:54:02.569980+00:00, run_after=2022-10-08T10:54:02.569980+00:00
[2022-10-08T10:54:02.586+0000] {processor.py:178} INFO - Processing /home/airflow/.local/lib/python3.7/site-packages/airflow/example_dags/example_short_circuit_operator.py took 0.097 seconds
[2022-10-08T10:54:33.126+0000] {processor.py:156} INFO - Started process (PID=10301) to work on /home/airflow/.local/lib/python3.7/site-packages/airflow/example_dags/example_short_circuit_operator.py
[2022-10-08T10:54:33.126+0000] {processor.py:758} INFO - Processing file /home/airflow/.local/lib/python3.7/site-packages/airflow/example_dags/example_short_circuit_operator.py for tasks to queue
[2022-10-08T10:54:33.127+0000] {logging_mixin.py:117} INFO - [2022-10-08T10:54:33.127+0000] {dagbag.py:525} INFO - Filling up the DagBag from /home/airflow/.local/lib/python3.7/site-packages/airflow/example_dags/example_short_circuit_operator.py
[2022-10-08T10:54:33.177+0000] {processor.py:768} INFO - DAG(s) dict_keys(['example_short_circuit_operator']) retrieved from /home/airflow/.local/lib/python3.7/site-packages/airflow/example_dags/example_short_circuit_operator.py
[2022-10-08T10:54:33.274+0000] {logging_mixin.py:117} INFO - [2022-10-08T10:54:33.274+0000] {dag.py:2573} INFO - Sync 1 DAGs
[2022-10-08T10:54:33.299+0000] {logging_mixin.py:117} INFO - [2022-10-08T10:54:33.299+0000] {dag.py:3328} INFO - Setting next_dagrun for example_short_circuit_operator to 2022-10-07T10:54:33.298955+00:00, run_after=2022-10-08T10:54:33.298955+00:00
[2022-10-08T10:54:33.370+0000] {processor.py:178} INFO - Processing /home/airflow/.local/lib/python3.7/site-packages/airflow/example_dags/example_short_circuit_operator.py took 0.248 seconds
[2022-10-08T10:55:03.780+0000] {processor.py:156} INFO - Started process (PID=10509) to work on /home/airflow/.local/lib/python3.7/site-packages/airflow/example_dags/example_short_circuit_operator.py
[2022-10-08T10:55:03.781+0000] {processor.py:758} INFO - Processing file /home/airflow/.local/lib/python3.7/site-packages/airflow/example_dags/example_short_circuit_operator.py for tasks to queue
[2022-10-08T10:55:03.781+0000] {logging_mixin.py:117} INFO - [2022-10-08T10:55:03.781+0000] {dagbag.py:525} INFO - Filling up the DagBag from /home/airflow/.local/lib/python3.7/site-packages/airflow/example_dags/example_short_circuit_operator.py
[2022-10-08T10:55:03.797+0000] {processor.py:768} INFO - DAG(s) dict_keys(['example_short_circuit_operator']) retrieved from /home/airflow/.local/lib/python3.7/site-packages/airflow/example_dags/example_short_circuit_operator.py
[2022-10-08T10:55:03.835+0000] {logging_mixin.py:117} INFO - [2022-10-08T10:55:03.834+0000] {dag.py:2573} INFO - Sync 1 DAGs
[2022-10-08T10:55:03.864+0000] {logging_mixin.py:117} INFO - [2022-10-08T10:55:03.863+0000] {dag.py:3328} INFO - Setting next_dagrun for example_short_circuit_operator to 2022-10-07T10:55:03.863694+00:00, run_after=2022-10-08T10:55:03.863694+00:00
[2022-10-08T10:55:03.883+0000] {processor.py:178} INFO - Processing /home/airflow/.local/lib/python3.7/site-packages/airflow/example_dags/example_short_circuit_operator.py took 0.105 seconds
[2022-10-08T10:55:34.444+0000] {processor.py:156} INFO - Started process (PID=10726) to work on /home/airflow/.local/lib/python3.7/site-packages/airflow/example_dags/example_short_circuit_operator.py
[2022-10-08T10:55:34.445+0000] {processor.py:758} INFO - Processing file /home/airflow/.local/lib/python3.7/site-packages/airflow/example_dags/example_short_circuit_operator.py for tasks to queue
[2022-10-08T10:55:34.446+0000] {logging_mixin.py:117} INFO - [2022-10-08T10:55:34.446+0000] {dagbag.py:525} INFO - Filling up the DagBag from /home/airflow/.local/lib/python3.7/site-packages/airflow/example_dags/example_short_circuit_operator.py
[2022-10-08T10:55:34.461+0000] {processor.py:768} INFO - DAG(s) dict_keys(['example_short_circuit_operator']) retrieved from /home/airflow/.local/lib/python3.7/site-packages/airflow/example_dags/example_short_circuit_operator.py
[2022-10-08T10:55:34.498+0000] {logging_mixin.py:117} INFO - [2022-10-08T10:55:34.498+0000] {dag.py:2573} INFO - Sync 1 DAGs
[2022-10-08T10:55:34.521+0000] {logging_mixin.py:117} INFO - [2022-10-08T10:55:34.520+0000] {dag.py:3328} INFO - Setting next_dagrun for example_short_circuit_operator to 2022-10-07T10:55:34.520736+00:00, run_after=2022-10-08T10:55:34.520736+00:00
[2022-10-08T10:55:34.537+0000] {processor.py:178} INFO - Processing /home/airflow/.local/lib/python3.7/site-packages/airflow/example_dags/example_short_circuit_operator.py took 0.095 seconds
[2022-10-08T10:56:04.871+0000] {processor.py:156} INFO - Started process (PID=10938) to work on /home/airflow/.local/lib/python3.7/site-packages/airflow/example_dags/example_short_circuit_operator.py
[2022-10-08T10:56:04.872+0000] {processor.py:758} INFO - Processing file /home/airflow/.local/lib/python3.7/site-packages/airflow/example_dags/example_short_circuit_operator.py for tasks to queue
[2022-10-08T10:56:04.872+0000] {logging_mixin.py:117} INFO - [2022-10-08T10:56:04.872+0000] {dagbag.py:525} INFO - Filling up the DagBag from /home/airflow/.local/lib/python3.7/site-packages/airflow/example_dags/example_short_circuit_operator.py
[2022-10-08T10:56:04.889+0000] {processor.py:768} INFO - DAG(s) dict_keys(['example_short_circuit_operator']) retrieved from /home/airflow/.local/lib/python3.7/site-packages/airflow/example_dags/example_short_circuit_operator.py
[2022-10-08T10:56:04.930+0000] {logging_mixin.py:117} INFO - [2022-10-08T10:56:04.930+0000] {dag.py:2573} INFO - Sync 1 DAGs
[2022-10-08T10:56:04.954+0000] {logging_mixin.py:117} INFO - [2022-10-08T10:56:04.954+0000] {dag.py:3328} INFO - Setting next_dagrun for example_short_circuit_operator to 2022-10-07T10:56:04.954602+00:00, run_after=2022-10-08T10:56:04.954602+00:00
[2022-10-08T10:56:04.971+0000] {processor.py:178} INFO - Processing /home/airflow/.local/lib/python3.7/site-packages/airflow/example_dags/example_short_circuit_operator.py took 0.103 seconds
