[2022-10-08T10:29:54.611+0000] {processor.py:156} INFO - Started process (PID=230) to work on /home/airflow/.local/lib/python3.7/site-packages/airflow/example_dags/example_complex.py
[2022-10-08T10:29:54.611+0000] {processor.py:758} INFO - Processing file /home/airflow/.local/lib/python3.7/site-packages/airflow/example_dags/example_complex.py for tasks to queue
[2022-10-08T10:29:54.612+0000] {logging_mixin.py:117} INFO - [2022-10-08T10:29:54.612+0000] {dagbag.py:525} INFO - Filling up the DagBag from /home/airflow/.local/lib/python3.7/site-packages/airflow/example_dags/example_complex.py
[2022-10-08T10:29:54.632+0000] {processor.py:768} INFO - DAG(s) dict_keys(['example_complex']) retrieved from /home/airflow/.local/lib/python3.7/site-packages/airflow/example_dags/example_complex.py
[2022-10-08T10:29:54.890+0000] {logging_mixin.py:117} INFO - [2022-10-08T10:29:54.889+0000] {manager.py:507} INFO - Created Permission View: can delete on DAG:example_complex
[2022-10-08T10:29:54.898+0000] {logging_mixin.py:117} INFO - [2022-10-08T10:29:54.897+0000] {manager.py:507} INFO - Created Permission View: can read on DAG:example_complex
[2022-10-08T10:29:54.903+0000] {logging_mixin.py:117} INFO - [2022-10-08T10:29:54.903+0000] {manager.py:507} INFO - Created Permission View: can edit on DAG:example_complex
[2022-10-08T10:29:54.903+0000] {logging_mixin.py:117} INFO - [2022-10-08T10:29:54.903+0000] {dag.py:2573} INFO - Sync 1 DAGs
[2022-10-08T10:29:54.915+0000] {logging_mixin.py:117} INFO - [2022-10-08T10:29:54.915+0000] {dag.py:2594} INFO - Creating ORM DAG for example_complex
[2022-10-08T10:29:54.925+0000] {logging_mixin.py:117} INFO - [2022-10-08T10:29:54.925+0000] {dag.py:3328} INFO - Setting next_dagrun for example_complex to None, run_after=None
[2022-10-08T10:29:54.944+0000] {processor.py:178} INFO - Processing /home/airflow/.local/lib/python3.7/site-packages/airflow/example_dags/example_complex.py took 0.335 seconds
[2022-10-08T10:30:25.608+0000] {processor.py:156} INFO - Started process (PID=439) to work on /home/airflow/.local/lib/python3.7/site-packages/airflow/example_dags/example_complex.py
[2022-10-08T10:30:25.609+0000] {processor.py:758} INFO - Processing file /home/airflow/.local/lib/python3.7/site-packages/airflow/example_dags/example_complex.py for tasks to queue
[2022-10-08T10:30:25.609+0000] {logging_mixin.py:117} INFO - [2022-10-08T10:30:25.609+0000] {dagbag.py:525} INFO - Filling up the DagBag from /home/airflow/.local/lib/python3.7/site-packages/airflow/example_dags/example_complex.py
[2022-10-08T10:30:25.631+0000] {processor.py:768} INFO - DAG(s) dict_keys(['example_complex']) retrieved from /home/airflow/.local/lib/python3.7/site-packages/airflow/example_dags/example_complex.py
[2022-10-08T10:30:25.674+0000] {logging_mixin.py:117} INFO - [2022-10-08T10:30:25.674+0000] {dag.py:2573} INFO - Sync 1 DAGs
[2022-10-08T10:30:25.697+0000] {logging_mixin.py:117} INFO - [2022-10-08T10:30:25.697+0000] {dag.py:3328} INFO - Setting next_dagrun for example_complex to None, run_after=None
[2022-10-08T10:30:25.815+0000] {processor.py:178} INFO - Processing /home/airflow/.local/lib/python3.7/site-packages/airflow/example_dags/example_complex.py took 0.210 seconds
[2022-10-08T10:30:57.265+0000] {processor.py:156} INFO - Started process (PID=647) to work on /home/airflow/.local/lib/python3.7/site-packages/airflow/example_dags/example_complex.py
[2022-10-08T10:30:57.266+0000] {processor.py:758} INFO - Processing file /home/airflow/.local/lib/python3.7/site-packages/airflow/example_dags/example_complex.py for tasks to queue
[2022-10-08T10:30:57.267+0000] {logging_mixin.py:117} INFO - [2022-10-08T10:30:57.267+0000] {dagbag.py:525} INFO - Filling up the DagBag from /home/airflow/.local/lib/python3.7/site-packages/airflow/example_dags/example_complex.py
[2022-10-08T10:30:57.286+0000] {processor.py:768} INFO - DAG(s) dict_keys(['example_complex']) retrieved from /home/airflow/.local/lib/python3.7/site-packages/airflow/example_dags/example_complex.py
[2022-10-08T10:30:57.362+0000] {logging_mixin.py:117} INFO - [2022-10-08T10:30:57.362+0000] {dag.py:2573} INFO - Sync 1 DAGs
[2022-10-08T10:30:57.574+0000] {logging_mixin.py:117} INFO - [2022-10-08T10:30:57.574+0000] {dag.py:3328} INFO - Setting next_dagrun for example_complex to None, run_after=None
[2022-10-08T10:30:57.590+0000] {processor.py:178} INFO - Processing /home/airflow/.local/lib/python3.7/site-packages/airflow/example_dags/example_complex.py took 0.327 seconds
[2022-10-08T10:31:27.705+0000] {processor.py:156} INFO - Started process (PID=845) to work on /home/airflow/.local/lib/python3.7/site-packages/airflow/example_dags/example_complex.py
[2022-10-08T10:31:27.706+0000] {processor.py:758} INFO - Processing file /home/airflow/.local/lib/python3.7/site-packages/airflow/example_dags/example_complex.py for tasks to queue
[2022-10-08T10:31:27.706+0000] {logging_mixin.py:117} INFO - [2022-10-08T10:31:27.706+0000] {dagbag.py:525} INFO - Filling up the DagBag from /home/airflow/.local/lib/python3.7/site-packages/airflow/example_dags/example_complex.py
[2022-10-08T10:31:27.727+0000] {processor.py:768} INFO - DAG(s) dict_keys(['example_complex']) retrieved from /home/airflow/.local/lib/python3.7/site-packages/airflow/example_dags/example_complex.py
[2022-10-08T10:31:27.891+0000] {logging_mixin.py:117} INFO - [2022-10-08T10:31:27.891+0000] {dag.py:2573} INFO - Sync 1 DAGs
[2022-10-08T10:31:27.913+0000] {logging_mixin.py:117} INFO - [2022-10-08T10:31:27.913+0000] {dag.py:3328} INFO - Setting next_dagrun for example_complex to None, run_after=None
[2022-10-08T10:31:27.928+0000] {processor.py:178} INFO - Processing /home/airflow/.local/lib/python3.7/site-packages/airflow/example_dags/example_complex.py took 0.226 seconds
[2022-10-08T10:31:58.015+0000] {processor.py:156} INFO - Started process (PID=1052) to work on /home/airflow/.local/lib/python3.7/site-packages/airflow/example_dags/example_complex.py
[2022-10-08T10:31:58.015+0000] {processor.py:758} INFO - Processing file /home/airflow/.local/lib/python3.7/site-packages/airflow/example_dags/example_complex.py for tasks to queue
[2022-10-08T10:31:58.016+0000] {logging_mixin.py:117} INFO - [2022-10-08T10:31:58.016+0000] {dagbag.py:525} INFO - Filling up the DagBag from /home/airflow/.local/lib/python3.7/site-packages/airflow/example_dags/example_complex.py
[2022-10-08T10:31:58.035+0000] {processor.py:768} INFO - DAG(s) dict_keys(['example_complex']) retrieved from /home/airflow/.local/lib/python3.7/site-packages/airflow/example_dags/example_complex.py
[2022-10-08T10:31:58.221+0000] {logging_mixin.py:117} INFO - [2022-10-08T10:31:58.221+0000] {dag.py:2573} INFO - Sync 1 DAGs
[2022-10-08T10:31:58.242+0000] {logging_mixin.py:117} INFO - [2022-10-08T10:31:58.242+0000] {dag.py:3328} INFO - Setting next_dagrun for example_complex to None, run_after=None
[2022-10-08T10:31:58.263+0000] {processor.py:178} INFO - Processing /home/airflow/.local/lib/python3.7/site-packages/airflow/example_dags/example_complex.py took 0.251 seconds
[2022-10-08T10:32:28.767+0000] {processor.py:156} INFO - Started process (PID=1257) to work on /home/airflow/.local/lib/python3.7/site-packages/airflow/example_dags/example_complex.py
[2022-10-08T10:32:28.768+0000] {processor.py:758} INFO - Processing file /home/airflow/.local/lib/python3.7/site-packages/airflow/example_dags/example_complex.py for tasks to queue
[2022-10-08T10:32:28.768+0000] {logging_mixin.py:117} INFO - [2022-10-08T10:32:28.768+0000] {dagbag.py:525} INFO - Filling up the DagBag from /home/airflow/.local/lib/python3.7/site-packages/airflow/example_dags/example_complex.py
[2022-10-08T10:32:28.788+0000] {processor.py:768} INFO - DAG(s) dict_keys(['example_complex']) retrieved from /home/airflow/.local/lib/python3.7/site-packages/airflow/example_dags/example_complex.py
[2022-10-08T10:32:28.986+0000] {logging_mixin.py:117} INFO - [2022-10-08T10:32:28.985+0000] {dag.py:2573} INFO - Sync 1 DAGs
[2022-10-08T10:32:29.008+0000] {logging_mixin.py:117} INFO - [2022-10-08T10:32:29.008+0000] {dag.py:3328} INFO - Setting next_dagrun for example_complex to None, run_after=None
[2022-10-08T10:32:29.026+0000] {processor.py:178} INFO - Processing /home/airflow/.local/lib/python3.7/site-packages/airflow/example_dags/example_complex.py took 0.261 seconds
[2022-10-08T10:32:59.385+0000] {processor.py:156} INFO - Started process (PID=1457) to work on /home/airflow/.local/lib/python3.7/site-packages/airflow/example_dags/example_complex.py
[2022-10-08T10:32:59.385+0000] {processor.py:758} INFO - Processing file /home/airflow/.local/lib/python3.7/site-packages/airflow/example_dags/example_complex.py for tasks to queue
[2022-10-08T10:32:59.386+0000] {logging_mixin.py:117} INFO - [2022-10-08T10:32:59.386+0000] {dagbag.py:525} INFO - Filling up the DagBag from /home/airflow/.local/lib/python3.7/site-packages/airflow/example_dags/example_complex.py
[2022-10-08T10:32:59.512+0000] {processor.py:768} INFO - DAG(s) dict_keys(['example_complex']) retrieved from /home/airflow/.local/lib/python3.7/site-packages/airflow/example_dags/example_complex.py
[2022-10-08T10:32:59.549+0000] {logging_mixin.py:117} INFO - [2022-10-08T10:32:59.548+0000] {dag.py:2573} INFO - Sync 1 DAGs
[2022-10-08T10:32:59.571+0000] {logging_mixin.py:117} INFO - [2022-10-08T10:32:59.570+0000] {dag.py:3328} INFO - Setting next_dagrun for example_complex to None, run_after=None
[2022-10-08T10:32:59.586+0000] {processor.py:178} INFO - Processing /home/airflow/.local/lib/python3.7/site-packages/airflow/example_dags/example_complex.py took 0.204 seconds
[2022-10-08T10:33:29.737+0000] {processor.py:156} INFO - Started process (PID=1664) to work on /home/airflow/.local/lib/python3.7/site-packages/airflow/example_dags/example_complex.py
[2022-10-08T10:33:29.738+0000] {processor.py:758} INFO - Processing file /home/airflow/.local/lib/python3.7/site-packages/airflow/example_dags/example_complex.py for tasks to queue
[2022-10-08T10:33:29.738+0000] {logging_mixin.py:117} INFO - [2022-10-08T10:33:29.738+0000] {dagbag.py:525} INFO - Filling up the DagBag from /home/airflow/.local/lib/python3.7/site-packages/airflow/example_dags/example_complex.py
[2022-10-08T10:33:29.758+0000] {processor.py:768} INFO - DAG(s) dict_keys(['example_complex']) retrieved from /home/airflow/.local/lib/python3.7/site-packages/airflow/example_dags/example_complex.py
[2022-10-08T10:33:29.799+0000] {logging_mixin.py:117} INFO - [2022-10-08T10:33:29.799+0000] {dag.py:2573} INFO - Sync 1 DAGs
[2022-10-08T10:33:29.825+0000] {logging_mixin.py:117} INFO - [2022-10-08T10:33:29.825+0000] {dag.py:3328} INFO - Setting next_dagrun for example_complex to None, run_after=None
[2022-10-08T10:33:29.841+0000] {processor.py:178} INFO - Processing /home/airflow/.local/lib/python3.7/site-packages/airflow/example_dags/example_complex.py took 0.107 seconds
[2022-10-08T10:34:00.677+0000] {processor.py:156} INFO - Started process (PID=1869) to work on /home/airflow/.local/lib/python3.7/site-packages/airflow/example_dags/example_complex.py
[2022-10-08T10:34:00.678+0000] {processor.py:758} INFO - Processing file /home/airflow/.local/lib/python3.7/site-packages/airflow/example_dags/example_complex.py for tasks to queue
[2022-10-08T10:34:00.679+0000] {logging_mixin.py:117} INFO - [2022-10-08T10:34:00.679+0000] {dagbag.py:525} INFO - Filling up the DagBag from /home/airflow/.local/lib/python3.7/site-packages/airflow/example_dags/example_complex.py
[2022-10-08T10:34:00.699+0000] {processor.py:768} INFO - DAG(s) dict_keys(['example_complex']) retrieved from /home/airflow/.local/lib/python3.7/site-packages/airflow/example_dags/example_complex.py
[2022-10-08T10:34:00.789+0000] {logging_mixin.py:117} INFO - [2022-10-08T10:34:00.789+0000] {dag.py:2573} INFO - Sync 1 DAGs
[2022-10-08T10:34:00.813+0000] {logging_mixin.py:117} INFO - [2022-10-08T10:34:00.813+0000] {dag.py:3328} INFO - Setting next_dagrun for example_complex to None, run_after=None
[2022-10-08T10:34:00.874+0000] {processor.py:178} INFO - Processing /home/airflow/.local/lib/python3.7/site-packages/airflow/example_dags/example_complex.py took 0.199 seconds
[2022-10-08T10:34:30.940+0000] {processor.py:156} INFO - Started process (PID=2069) to work on /home/airflow/.local/lib/python3.7/site-packages/airflow/example_dags/example_complex.py
[2022-10-08T10:34:30.941+0000] {processor.py:758} INFO - Processing file /home/airflow/.local/lib/python3.7/site-packages/airflow/example_dags/example_complex.py for tasks to queue
[2022-10-08T10:34:30.941+0000] {logging_mixin.py:117} INFO - [2022-10-08T10:34:30.941+0000] {dagbag.py:525} INFO - Filling up the DagBag from /home/airflow/.local/lib/python3.7/site-packages/airflow/example_dags/example_complex.py
[2022-10-08T10:34:30.962+0000] {processor.py:768} INFO - DAG(s) dict_keys(['example_complex']) retrieved from /home/airflow/.local/lib/python3.7/site-packages/airflow/example_dags/example_complex.py
[2022-10-08T10:34:31.005+0000] {logging_mixin.py:117} INFO - [2022-10-08T10:34:31.004+0000] {dag.py:2573} INFO - Sync 1 DAGs
[2022-10-08T10:34:31.028+0000] {logging_mixin.py:117} INFO - [2022-10-08T10:34:31.028+0000] {dag.py:3328} INFO - Setting next_dagrun for example_complex to None, run_after=None
[2022-10-08T10:34:31.046+0000] {processor.py:178} INFO - Processing /home/airflow/.local/lib/python3.7/site-packages/airflow/example_dags/example_complex.py took 0.108 seconds
[2022-10-08T10:35:01.196+0000] {processor.py:156} INFO - Started process (PID=2276) to work on /home/airflow/.local/lib/python3.7/site-packages/airflow/example_dags/example_complex.py
[2022-10-08T10:35:01.197+0000] {processor.py:758} INFO - Processing file /home/airflow/.local/lib/python3.7/site-packages/airflow/example_dags/example_complex.py for tasks to queue
[2022-10-08T10:35:01.198+0000] {logging_mixin.py:117} INFO - [2022-10-08T10:35:01.198+0000] {dagbag.py:525} INFO - Filling up the DagBag from /home/airflow/.local/lib/python3.7/site-packages/airflow/example_dags/example_complex.py
[2022-10-08T10:35:01.218+0000] {processor.py:768} INFO - DAG(s) dict_keys(['example_complex']) retrieved from /home/airflow/.local/lib/python3.7/site-packages/airflow/example_dags/example_complex.py
[2022-10-08T10:35:01.261+0000] {logging_mixin.py:117} INFO - [2022-10-08T10:35:01.261+0000] {dag.py:2573} INFO - Sync 1 DAGs
[2022-10-08T10:35:01.285+0000] {logging_mixin.py:117} INFO - [2022-10-08T10:35:01.285+0000] {dag.py:3328} INFO - Setting next_dagrun for example_complex to None, run_after=None
[2022-10-08T10:35:01.302+0000] {processor.py:178} INFO - Processing /home/airflow/.local/lib/python3.7/site-packages/airflow/example_dags/example_complex.py took 0.108 seconds
[2022-10-08T10:35:32.075+0000] {processor.py:156} INFO - Started process (PID=2481) to work on /home/airflow/.local/lib/python3.7/site-packages/airflow/example_dags/example_complex.py
[2022-10-08T10:35:32.076+0000] {processor.py:758} INFO - Processing file /home/airflow/.local/lib/python3.7/site-packages/airflow/example_dags/example_complex.py for tasks to queue
[2022-10-08T10:35:32.076+0000] {logging_mixin.py:117} INFO - [2022-10-08T10:35:32.076+0000] {dagbag.py:525} INFO - Filling up the DagBag from /home/airflow/.local/lib/python3.7/site-packages/airflow/example_dags/example_complex.py
[2022-10-08T10:35:32.096+0000] {processor.py:768} INFO - DAG(s) dict_keys(['example_complex']) retrieved from /home/airflow/.local/lib/python3.7/site-packages/airflow/example_dags/example_complex.py
[2022-10-08T10:35:32.190+0000] {logging_mixin.py:117} INFO - [2022-10-08T10:35:32.190+0000] {dag.py:2573} INFO - Sync 1 DAGs
[2022-10-08T10:35:32.215+0000] {logging_mixin.py:117} INFO - [2022-10-08T10:35:32.215+0000] {dag.py:3328} INFO - Setting next_dagrun for example_complex to None, run_after=None
[2022-10-08T10:35:32.270+0000] {processor.py:178} INFO - Processing /home/airflow/.local/lib/python3.7/site-packages/airflow/example_dags/example_complex.py took 0.198 seconds
[2022-10-08T10:36:02.672+0000] {processor.py:156} INFO - Started process (PID=2681) to work on /home/airflow/.local/lib/python3.7/site-packages/airflow/example_dags/example_complex.py
[2022-10-08T10:36:02.673+0000] {processor.py:758} INFO - Processing file /home/airflow/.local/lib/python3.7/site-packages/airflow/example_dags/example_complex.py for tasks to queue
[2022-10-08T10:36:02.673+0000] {logging_mixin.py:117} INFO - [2022-10-08T10:36:02.673+0000] {dagbag.py:525} INFO - Filling up the DagBag from /home/airflow/.local/lib/python3.7/site-packages/airflow/example_dags/example_complex.py
[2022-10-08T10:36:02.693+0000] {processor.py:768} INFO - DAG(s) dict_keys(['example_complex']) retrieved from /home/airflow/.local/lib/python3.7/site-packages/airflow/example_dags/example_complex.py
[2022-10-08T10:36:02.735+0000] {logging_mixin.py:117} INFO - [2022-10-08T10:36:02.734+0000] {dag.py:2573} INFO - Sync 1 DAGs
[2022-10-08T10:36:02.757+0000] {logging_mixin.py:117} INFO - [2022-10-08T10:36:02.757+0000] {dag.py:3328} INFO - Setting next_dagrun for example_complex to None, run_after=None
[2022-10-08T10:36:02.773+0000] {processor.py:178} INFO - Processing /home/airflow/.local/lib/python3.7/site-packages/airflow/example_dags/example_complex.py took 0.104 seconds
[2022-10-08T10:36:33.444+0000] {processor.py:156} INFO - Started process (PID=2888) to work on /home/airflow/.local/lib/python3.7/site-packages/airflow/example_dags/example_complex.py
[2022-10-08T10:36:33.445+0000] {processor.py:758} INFO - Processing file /home/airflow/.local/lib/python3.7/site-packages/airflow/example_dags/example_complex.py for tasks to queue
[2022-10-08T10:36:33.445+0000] {logging_mixin.py:117} INFO - [2022-10-08T10:36:33.445+0000] {dagbag.py:525} INFO - Filling up the DagBag from /home/airflow/.local/lib/python3.7/site-packages/airflow/example_dags/example_complex.py
[2022-10-08T10:36:33.465+0000] {processor.py:768} INFO - DAG(s) dict_keys(['example_complex']) retrieved from /home/airflow/.local/lib/python3.7/site-packages/airflow/example_dags/example_complex.py
[2022-10-08T10:36:33.505+0000] {logging_mixin.py:117} INFO - [2022-10-08T10:36:33.505+0000] {dag.py:2573} INFO - Sync 1 DAGs
[2022-10-08T10:36:33.528+0000] {logging_mixin.py:117} INFO - [2022-10-08T10:36:33.528+0000] {dag.py:3328} INFO - Setting next_dagrun for example_complex to None, run_after=None
[2022-10-08T10:36:33.544+0000] {processor.py:178} INFO - Processing /home/airflow/.local/lib/python3.7/site-packages/airflow/example_dags/example_complex.py took 0.103 seconds
[2022-10-08T10:37:04.304+0000] {processor.py:156} INFO - Started process (PID=3093) to work on /home/airflow/.local/lib/python3.7/site-packages/airflow/example_dags/example_complex.py
[2022-10-08T10:37:04.305+0000] {processor.py:758} INFO - Processing file /home/airflow/.local/lib/python3.7/site-packages/airflow/example_dags/example_complex.py for tasks to queue
[2022-10-08T10:37:04.305+0000] {logging_mixin.py:117} INFO - [2022-10-08T10:37:04.305+0000] {dagbag.py:525} INFO - Filling up the DagBag from /home/airflow/.local/lib/python3.7/site-packages/airflow/example_dags/example_complex.py
[2022-10-08T10:37:04.325+0000] {processor.py:768} INFO - DAG(s) dict_keys(['example_complex']) retrieved from /home/airflow/.local/lib/python3.7/site-packages/airflow/example_dags/example_complex.py
[2022-10-08T10:37:04.377+0000] {logging_mixin.py:117} INFO - [2022-10-08T10:37:04.377+0000] {dag.py:2573} INFO - Sync 1 DAGs
[2022-10-08T10:37:04.404+0000] {logging_mixin.py:117} INFO - [2022-10-08T10:37:04.404+0000] {dag.py:3328} INFO - Setting next_dagrun for example_complex to None, run_after=None
[2022-10-08T10:37:04.421+0000] {processor.py:178} INFO - Processing /home/airflow/.local/lib/python3.7/site-packages/airflow/example_dags/example_complex.py took 0.119 seconds
[2022-10-08T10:37:34.819+0000] {processor.py:156} INFO - Started process (PID=3293) to work on /home/airflow/.local/lib/python3.7/site-packages/airflow/example_dags/example_complex.py
[2022-10-08T10:37:34.820+0000] {processor.py:758} INFO - Processing file /home/airflow/.local/lib/python3.7/site-packages/airflow/example_dags/example_complex.py for tasks to queue
[2022-10-08T10:37:34.821+0000] {logging_mixin.py:117} INFO - [2022-10-08T10:37:34.820+0000] {dagbag.py:525} INFO - Filling up the DagBag from /home/airflow/.local/lib/python3.7/site-packages/airflow/example_dags/example_complex.py
[2022-10-08T10:37:34.840+0000] {processor.py:768} INFO - DAG(s) dict_keys(['example_complex']) retrieved from /home/airflow/.local/lib/python3.7/site-packages/airflow/example_dags/example_complex.py
[2022-10-08T10:37:34.882+0000] {logging_mixin.py:117} INFO - [2022-10-08T10:37:34.882+0000] {dag.py:2573} INFO - Sync 1 DAGs
[2022-10-08T10:37:34.906+0000] {logging_mixin.py:117} INFO - [2022-10-08T10:37:34.906+0000] {dag.py:3328} INFO - Setting next_dagrun for example_complex to None, run_after=None
[2022-10-08T10:37:34.922+0000] {processor.py:178} INFO - Processing /home/airflow/.local/lib/python3.7/site-packages/airflow/example_dags/example_complex.py took 0.105 seconds
[2022-10-08T10:38:05.360+0000] {processor.py:156} INFO - Started process (PID=3500) to work on /home/airflow/.local/lib/python3.7/site-packages/airflow/example_dags/example_complex.py
[2022-10-08T10:38:05.361+0000] {processor.py:758} INFO - Processing file /home/airflow/.local/lib/python3.7/site-packages/airflow/example_dags/example_complex.py for tasks to queue
[2022-10-08T10:38:05.361+0000] {logging_mixin.py:117} INFO - [2022-10-08T10:38:05.361+0000] {dagbag.py:525} INFO - Filling up the DagBag from /home/airflow/.local/lib/python3.7/site-packages/airflow/example_dags/example_complex.py
[2022-10-08T10:38:05.381+0000] {processor.py:768} INFO - DAG(s) dict_keys(['example_complex']) retrieved from /home/airflow/.local/lib/python3.7/site-packages/airflow/example_dags/example_complex.py
[2022-10-08T10:38:05.459+0000] {logging_mixin.py:117} INFO - [2022-10-08T10:38:05.458+0000] {dag.py:2573} INFO - Sync 1 DAGs
[2022-10-08T10:38:05.483+0000] {logging_mixin.py:117} INFO - [2022-10-08T10:38:05.482+0000] {dag.py:3328} INFO - Setting next_dagrun for example_complex to None, run_after=None
[2022-10-08T10:38:05.499+0000] {processor.py:178} INFO - Processing /home/airflow/.local/lib/python3.7/site-packages/airflow/example_dags/example_complex.py took 0.141 seconds
[2022-10-08T10:38:36.032+0000] {processor.py:156} INFO - Started process (PID=3707) to work on /home/airflow/.local/lib/python3.7/site-packages/airflow/example_dags/example_complex.py
[2022-10-08T10:38:36.033+0000] {processor.py:758} INFO - Processing file /home/airflow/.local/lib/python3.7/site-packages/airflow/example_dags/example_complex.py for tasks to queue
[2022-10-08T10:38:36.034+0000] {logging_mixin.py:117} INFO - [2022-10-08T10:38:36.034+0000] {dagbag.py:525} INFO - Filling up the DagBag from /home/airflow/.local/lib/python3.7/site-packages/airflow/example_dags/example_complex.py
[2022-10-08T10:38:36.055+0000] {processor.py:768} INFO - DAG(s) dict_keys(['example_complex']) retrieved from /home/airflow/.local/lib/python3.7/site-packages/airflow/example_dags/example_complex.py
[2022-10-08T10:38:36.099+0000] {logging_mixin.py:117} INFO - [2022-10-08T10:38:36.099+0000] {dag.py:2573} INFO - Sync 1 DAGs
[2022-10-08T10:38:36.124+0000] {logging_mixin.py:117} INFO - [2022-10-08T10:38:36.124+0000] {dag.py:3328} INFO - Setting next_dagrun for example_complex to None, run_after=None
[2022-10-08T10:38:36.143+0000] {processor.py:178} INFO - Processing /home/airflow/.local/lib/python3.7/site-packages/airflow/example_dags/example_complex.py took 0.114 seconds
[2022-10-08T10:39:06.782+0000] {processor.py:156} INFO - Started process (PID=3914) to work on /home/airflow/.local/lib/python3.7/site-packages/airflow/example_dags/example_complex.py
[2022-10-08T10:39:06.783+0000] {processor.py:758} INFO - Processing file /home/airflow/.local/lib/python3.7/site-packages/airflow/example_dags/example_complex.py for tasks to queue
[2022-10-08T10:39:06.783+0000] {logging_mixin.py:117} INFO - [2022-10-08T10:39:06.783+0000] {dagbag.py:525} INFO - Filling up the DagBag from /home/airflow/.local/lib/python3.7/site-packages/airflow/example_dags/example_complex.py
[2022-10-08T10:39:06.803+0000] {processor.py:768} INFO - DAG(s) dict_keys(['example_complex']) retrieved from /home/airflow/.local/lib/python3.7/site-packages/airflow/example_dags/example_complex.py
[2022-10-08T10:39:06.845+0000] {logging_mixin.py:117} INFO - [2022-10-08T10:39:06.845+0000] {dag.py:2573} INFO - Sync 1 DAGs
[2022-10-08T10:39:06.870+0000] {logging_mixin.py:117} INFO - [2022-10-08T10:39:06.869+0000] {dag.py:3328} INFO - Setting next_dagrun for example_complex to None, run_after=None
[2022-10-08T10:39:06.886+0000] {processor.py:178} INFO - Processing /home/airflow/.local/lib/python3.7/site-packages/airflow/example_dags/example_complex.py took 0.107 seconds
[2022-10-08T10:39:37.373+0000] {processor.py:156} INFO - Started process (PID=4112) to work on /home/airflow/.local/lib/python3.7/site-packages/airflow/example_dags/example_complex.py
[2022-10-08T10:39:37.374+0000] {processor.py:758} INFO - Processing file /home/airflow/.local/lib/python3.7/site-packages/airflow/example_dags/example_complex.py for tasks to queue
[2022-10-08T10:39:37.375+0000] {logging_mixin.py:117} INFO - [2022-10-08T10:39:37.375+0000] {dagbag.py:525} INFO - Filling up the DagBag from /home/airflow/.local/lib/python3.7/site-packages/airflow/example_dags/example_complex.py
[2022-10-08T10:39:37.394+0000] {processor.py:768} INFO - DAG(s) dict_keys(['example_complex']) retrieved from /home/airflow/.local/lib/python3.7/site-packages/airflow/example_dags/example_complex.py
[2022-10-08T10:39:37.436+0000] {logging_mixin.py:117} INFO - [2022-10-08T10:39:37.436+0000] {dag.py:2573} INFO - Sync 1 DAGs
[2022-10-08T10:39:37.459+0000] {logging_mixin.py:117} INFO - [2022-10-08T10:39:37.458+0000] {dag.py:3328} INFO - Setting next_dagrun for example_complex to None, run_after=None
[2022-10-08T10:39:37.475+0000] {processor.py:178} INFO - Processing /home/airflow/.local/lib/python3.7/site-packages/airflow/example_dags/example_complex.py took 0.104 seconds
[2022-10-08T10:40:07.994+0000] {processor.py:156} INFO - Started process (PID=4319) to work on /home/airflow/.local/lib/python3.7/site-packages/airflow/example_dags/example_complex.py
[2022-10-08T10:40:07.995+0000] {processor.py:758} INFO - Processing file /home/airflow/.local/lib/python3.7/site-packages/airflow/example_dags/example_complex.py for tasks to queue
[2022-10-08T10:40:07.996+0000] {logging_mixin.py:117} INFO - [2022-10-08T10:40:07.996+0000] {dagbag.py:525} INFO - Filling up the DagBag from /home/airflow/.local/lib/python3.7/site-packages/airflow/example_dags/example_complex.py
[2022-10-08T10:40:08.015+0000] {processor.py:768} INFO - DAG(s) dict_keys(['example_complex']) retrieved from /home/airflow/.local/lib/python3.7/site-packages/airflow/example_dags/example_complex.py
[2022-10-08T10:40:08.056+0000] {logging_mixin.py:117} INFO - [2022-10-08T10:40:08.056+0000] {dag.py:2573} INFO - Sync 1 DAGs
[2022-10-08T10:40:08.079+0000] {logging_mixin.py:117} INFO - [2022-10-08T10:40:08.079+0000] {dag.py:3328} INFO - Setting next_dagrun for example_complex to None, run_after=None
[2022-10-08T10:40:08.094+0000] {processor.py:178} INFO - Processing /home/airflow/.local/lib/python3.7/site-packages/airflow/example_dags/example_complex.py took 0.102 seconds
[2022-10-08T10:40:38.587+0000] {processor.py:156} INFO - Started process (PID=4526) to work on /home/airflow/.local/lib/python3.7/site-packages/airflow/example_dags/example_complex.py
[2022-10-08T10:40:38.587+0000] {processor.py:758} INFO - Processing file /home/airflow/.local/lib/python3.7/site-packages/airflow/example_dags/example_complex.py for tasks to queue
[2022-10-08T10:40:38.588+0000] {logging_mixin.py:117} INFO - [2022-10-08T10:40:38.588+0000] {dagbag.py:525} INFO - Filling up the DagBag from /home/airflow/.local/lib/python3.7/site-packages/airflow/example_dags/example_complex.py
[2022-10-08T10:40:38.608+0000] {processor.py:768} INFO - DAG(s) dict_keys(['example_complex']) retrieved from /home/airflow/.local/lib/python3.7/site-packages/airflow/example_dags/example_complex.py
[2022-10-08T10:40:38.648+0000] {logging_mixin.py:117} INFO - [2022-10-08T10:40:38.648+0000] {dag.py:2573} INFO - Sync 1 DAGs
[2022-10-08T10:40:38.671+0000] {logging_mixin.py:117} INFO - [2022-10-08T10:40:38.671+0000] {dag.py:3328} INFO - Setting next_dagrun for example_complex to None, run_after=None
[2022-10-08T10:40:38.689+0000] {processor.py:178} INFO - Processing /home/airflow/.local/lib/python3.7/site-packages/airflow/example_dags/example_complex.py took 0.104 seconds
[2022-10-08T10:41:09.147+0000] {processor.py:156} INFO - Started process (PID=4724) to work on /home/airflow/.local/lib/python3.7/site-packages/airflow/example_dags/example_complex.py
[2022-10-08T10:41:09.148+0000] {processor.py:758} INFO - Processing file /home/airflow/.local/lib/python3.7/site-packages/airflow/example_dags/example_complex.py for tasks to queue
[2022-10-08T10:41:09.148+0000] {logging_mixin.py:117} INFO - [2022-10-08T10:41:09.148+0000] {dagbag.py:525} INFO - Filling up the DagBag from /home/airflow/.local/lib/python3.7/site-packages/airflow/example_dags/example_complex.py
[2022-10-08T10:41:09.168+0000] {processor.py:768} INFO - DAG(s) dict_keys(['example_complex']) retrieved from /home/airflow/.local/lib/python3.7/site-packages/airflow/example_dags/example_complex.py
[2022-10-08T10:41:09.210+0000] {logging_mixin.py:117} INFO - [2022-10-08T10:41:09.210+0000] {dag.py:2573} INFO - Sync 1 DAGs
[2022-10-08T10:41:09.236+0000] {logging_mixin.py:117} INFO - [2022-10-08T10:41:09.236+0000] {dag.py:3328} INFO - Setting next_dagrun for example_complex to None, run_after=None
[2022-10-08T10:41:09.252+0000] {processor.py:178} INFO - Processing /home/airflow/.local/lib/python3.7/site-packages/airflow/example_dags/example_complex.py took 0.108 seconds
[2022-10-08T10:41:39.751+0000] {processor.py:156} INFO - Started process (PID=4931) to work on /home/airflow/.local/lib/python3.7/site-packages/airflow/example_dags/example_complex.py
[2022-10-08T10:41:39.752+0000] {processor.py:758} INFO - Processing file /home/airflow/.local/lib/python3.7/site-packages/airflow/example_dags/example_complex.py for tasks to queue
[2022-10-08T10:41:39.753+0000] {logging_mixin.py:117} INFO - [2022-10-08T10:41:39.753+0000] {dagbag.py:525} INFO - Filling up the DagBag from /home/airflow/.local/lib/python3.7/site-packages/airflow/example_dags/example_complex.py
[2022-10-08T10:41:39.773+0000] {processor.py:768} INFO - DAG(s) dict_keys(['example_complex']) retrieved from /home/airflow/.local/lib/python3.7/site-packages/airflow/example_dags/example_complex.py
[2022-10-08T10:41:39.818+0000] {logging_mixin.py:117} INFO - [2022-10-08T10:41:39.818+0000] {dag.py:2573} INFO - Sync 1 DAGs
[2022-10-08T10:41:39.841+0000] {logging_mixin.py:117} INFO - [2022-10-08T10:41:39.841+0000] {dag.py:3328} INFO - Setting next_dagrun for example_complex to None, run_after=None
[2022-10-08T10:41:39.858+0000] {processor.py:178} INFO - Processing /home/airflow/.local/lib/python3.7/site-packages/airflow/example_dags/example_complex.py took 0.109 seconds
[2022-10-08T10:42:10.378+0000] {processor.py:156} INFO - Started process (PID=5138) to work on /home/airflow/.local/lib/python3.7/site-packages/airflow/example_dags/example_complex.py
[2022-10-08T10:42:10.379+0000] {processor.py:758} INFO - Processing file /home/airflow/.local/lib/python3.7/site-packages/airflow/example_dags/example_complex.py for tasks to queue
[2022-10-08T10:42:10.379+0000] {logging_mixin.py:117} INFO - [2022-10-08T10:42:10.379+0000] {dagbag.py:525} INFO - Filling up the DagBag from /home/airflow/.local/lib/python3.7/site-packages/airflow/example_dags/example_complex.py
[2022-10-08T10:42:10.399+0000] {processor.py:768} INFO - DAG(s) dict_keys(['example_complex']) retrieved from /home/airflow/.local/lib/python3.7/site-packages/airflow/example_dags/example_complex.py
[2022-10-08T10:42:10.441+0000] {logging_mixin.py:117} INFO - [2022-10-08T10:42:10.441+0000] {dag.py:2573} INFO - Sync 1 DAGs
[2022-10-08T10:42:10.465+0000] {logging_mixin.py:117} INFO - [2022-10-08T10:42:10.465+0000] {dag.py:3328} INFO - Setting next_dagrun for example_complex to None, run_after=None
[2022-10-08T10:42:10.481+0000] {processor.py:178} INFO - Processing /home/airflow/.local/lib/python3.7/site-packages/airflow/example_dags/example_complex.py took 0.105 seconds
[2022-10-08T10:42:40.890+0000] {processor.py:156} INFO - Started process (PID=5336) to work on /home/airflow/.local/lib/python3.7/site-packages/airflow/example_dags/example_complex.py
[2022-10-08T10:42:40.891+0000] {processor.py:758} INFO - Processing file /home/airflow/.local/lib/python3.7/site-packages/airflow/example_dags/example_complex.py for tasks to queue
[2022-10-08T10:42:40.891+0000] {logging_mixin.py:117} INFO - [2022-10-08T10:42:40.891+0000] {dagbag.py:525} INFO - Filling up the DagBag from /home/airflow/.local/lib/python3.7/site-packages/airflow/example_dags/example_complex.py
[2022-10-08T10:42:40.911+0000] {processor.py:768} INFO - DAG(s) dict_keys(['example_complex']) retrieved from /home/airflow/.local/lib/python3.7/site-packages/airflow/example_dags/example_complex.py
[2022-10-08T10:42:40.955+0000] {logging_mixin.py:117} INFO - [2022-10-08T10:42:40.955+0000] {dag.py:2573} INFO - Sync 1 DAGs
[2022-10-08T10:42:40.987+0000] {logging_mixin.py:117} INFO - [2022-10-08T10:42:40.987+0000] {dag.py:3328} INFO - Setting next_dagrun for example_complex to None, run_after=None
[2022-10-08T10:42:41.010+0000] {processor.py:178} INFO - Processing /home/airflow/.local/lib/python3.7/site-packages/airflow/example_dags/example_complex.py took 0.123 seconds
[2022-10-08T10:43:11.591+0000] {processor.py:156} INFO - Started process (PID=5543) to work on /home/airflow/.local/lib/python3.7/site-packages/airflow/example_dags/example_complex.py
[2022-10-08T10:43:11.591+0000] {processor.py:758} INFO - Processing file /home/airflow/.local/lib/python3.7/site-packages/airflow/example_dags/example_complex.py for tasks to queue
[2022-10-08T10:43:11.593+0000] {logging_mixin.py:117} INFO - [2022-10-08T10:43:11.592+0000] {dagbag.py:525} INFO - Filling up the DagBag from /home/airflow/.local/lib/python3.7/site-packages/airflow/example_dags/example_complex.py
[2022-10-08T10:43:11.612+0000] {processor.py:768} INFO - DAG(s) dict_keys(['example_complex']) retrieved from /home/airflow/.local/lib/python3.7/site-packages/airflow/example_dags/example_complex.py
[2022-10-08T10:43:11.654+0000] {logging_mixin.py:117} INFO - [2022-10-08T10:43:11.653+0000] {dag.py:2573} INFO - Sync 1 DAGs
[2022-10-08T10:43:11.677+0000] {logging_mixin.py:117} INFO - [2022-10-08T10:43:11.677+0000] {dag.py:3328} INFO - Setting next_dagrun for example_complex to None, run_after=None
[2022-10-08T10:43:11.693+0000] {processor.py:178} INFO - Processing /home/airflow/.local/lib/python3.7/site-packages/airflow/example_dags/example_complex.py took 0.105 seconds
[2022-10-08T10:43:42.096+0000] {processor.py:156} INFO - Started process (PID=5750) to work on /home/airflow/.local/lib/python3.7/site-packages/airflow/example_dags/example_complex.py
[2022-10-08T10:43:42.097+0000] {processor.py:758} INFO - Processing file /home/airflow/.local/lib/python3.7/site-packages/airflow/example_dags/example_complex.py for tasks to queue
[2022-10-08T10:43:42.097+0000] {logging_mixin.py:117} INFO - [2022-10-08T10:43:42.097+0000] {dagbag.py:525} INFO - Filling up the DagBag from /home/airflow/.local/lib/python3.7/site-packages/airflow/example_dags/example_complex.py
[2022-10-08T10:43:42.118+0000] {processor.py:768} INFO - DAG(s) dict_keys(['example_complex']) retrieved from /home/airflow/.local/lib/python3.7/site-packages/airflow/example_dags/example_complex.py
[2022-10-08T10:43:42.160+0000] {logging_mixin.py:117} INFO - [2022-10-08T10:43:42.160+0000] {dag.py:2573} INFO - Sync 1 DAGs
[2022-10-08T10:43:42.185+0000] {logging_mixin.py:117} INFO - [2022-10-08T10:43:42.185+0000] {dag.py:3328} INFO - Setting next_dagrun for example_complex to None, run_after=None
[2022-10-08T10:43:42.204+0000] {processor.py:178} INFO - Processing /home/airflow/.local/lib/python3.7/site-packages/airflow/example_dags/example_complex.py took 0.110 seconds
[2022-10-08T10:44:12.673+0000] {processor.py:156} INFO - Started process (PID=5957) to work on /home/airflow/.local/lib/python3.7/site-packages/airflow/example_dags/example_complex.py
[2022-10-08T10:44:12.674+0000] {processor.py:758} INFO - Processing file /home/airflow/.local/lib/python3.7/site-packages/airflow/example_dags/example_complex.py for tasks to queue
[2022-10-08T10:44:12.674+0000] {logging_mixin.py:117} INFO - [2022-10-08T10:44:12.674+0000] {dagbag.py:525} INFO - Filling up the DagBag from /home/airflow/.local/lib/python3.7/site-packages/airflow/example_dags/example_complex.py
[2022-10-08T10:44:12.694+0000] {processor.py:768} INFO - DAG(s) dict_keys(['example_complex']) retrieved from /home/airflow/.local/lib/python3.7/site-packages/airflow/example_dags/example_complex.py
[2022-10-08T10:44:12.735+0000] {logging_mixin.py:117} INFO - [2022-10-08T10:44:12.735+0000] {dag.py:2573} INFO - Sync 1 DAGs
[2022-10-08T10:44:12.758+0000] {logging_mixin.py:117} INFO - [2022-10-08T10:44:12.758+0000] {dag.py:3328} INFO - Setting next_dagrun for example_complex to None, run_after=None
[2022-10-08T10:44:12.774+0000] {processor.py:178} INFO - Processing /home/airflow/.local/lib/python3.7/site-packages/airflow/example_dags/example_complex.py took 0.104 seconds
[2022-10-08T10:44:43.431+0000] {processor.py:156} INFO - Started process (PID=6155) to work on /home/airflow/.local/lib/python3.7/site-packages/airflow/example_dags/example_complex.py
[2022-10-08T10:44:43.432+0000] {processor.py:758} INFO - Processing file /home/airflow/.local/lib/python3.7/site-packages/airflow/example_dags/example_complex.py for tasks to queue
[2022-10-08T10:44:43.433+0000] {logging_mixin.py:117} INFO - [2022-10-08T10:44:43.432+0000] {dagbag.py:525} INFO - Filling up the DagBag from /home/airflow/.local/lib/python3.7/site-packages/airflow/example_dags/example_complex.py
[2022-10-08T10:44:43.453+0000] {processor.py:768} INFO - DAG(s) dict_keys(['example_complex']) retrieved from /home/airflow/.local/lib/python3.7/site-packages/airflow/example_dags/example_complex.py
[2022-10-08T10:44:43.495+0000] {logging_mixin.py:117} INFO - [2022-10-08T10:44:43.495+0000] {dag.py:2573} INFO - Sync 1 DAGs
[2022-10-08T10:44:43.517+0000] {logging_mixin.py:117} INFO - [2022-10-08T10:44:43.517+0000] {dag.py:3328} INFO - Setting next_dagrun for example_complex to None, run_after=None
[2022-10-08T10:44:43.534+0000] {processor.py:178} INFO - Processing /home/airflow/.local/lib/python3.7/site-packages/airflow/example_dags/example_complex.py took 0.106 seconds
[2022-10-08T10:45:14.038+0000] {processor.py:156} INFO - Started process (PID=6362) to work on /home/airflow/.local/lib/python3.7/site-packages/airflow/example_dags/example_complex.py
[2022-10-08T10:45:14.039+0000] {processor.py:758} INFO - Processing file /home/airflow/.local/lib/python3.7/site-packages/airflow/example_dags/example_complex.py for tasks to queue
[2022-10-08T10:45:14.039+0000] {logging_mixin.py:117} INFO - [2022-10-08T10:45:14.039+0000] {dagbag.py:525} INFO - Filling up the DagBag from /home/airflow/.local/lib/python3.7/site-packages/airflow/example_dags/example_complex.py
[2022-10-08T10:45:14.059+0000] {processor.py:768} INFO - DAG(s) dict_keys(['example_complex']) retrieved from /home/airflow/.local/lib/python3.7/site-packages/airflow/example_dags/example_complex.py
[2022-10-08T10:45:14.101+0000] {logging_mixin.py:117} INFO - [2022-10-08T10:45:14.101+0000] {dag.py:2573} INFO - Sync 1 DAGs
[2022-10-08T10:45:14.126+0000] {logging_mixin.py:117} INFO - [2022-10-08T10:45:14.125+0000] {dag.py:3328} INFO - Setting next_dagrun for example_complex to None, run_after=None
[2022-10-08T10:45:14.142+0000] {processor.py:178} INFO - Processing /home/airflow/.local/lib/python3.7/site-packages/airflow/example_dags/example_complex.py took 0.106 seconds
[2022-10-08T10:45:44.438+0000] {processor.py:156} INFO - Started process (PID=6569) to work on /home/airflow/.local/lib/python3.7/site-packages/airflow/example_dags/example_complex.py
[2022-10-08T10:45:44.439+0000] {processor.py:758} INFO - Processing file /home/airflow/.local/lib/python3.7/site-packages/airflow/example_dags/example_complex.py for tasks to queue
[2022-10-08T10:45:44.439+0000] {logging_mixin.py:117} INFO - [2022-10-08T10:45:44.439+0000] {dagbag.py:525} INFO - Filling up the DagBag from /home/airflow/.local/lib/python3.7/site-packages/airflow/example_dags/example_complex.py
[2022-10-08T10:45:44.459+0000] {processor.py:768} INFO - DAG(s) dict_keys(['example_complex']) retrieved from /home/airflow/.local/lib/python3.7/site-packages/airflow/example_dags/example_complex.py
[2022-10-08T10:45:44.502+0000] {logging_mixin.py:117} INFO - [2022-10-08T10:45:44.502+0000] {dag.py:2573} INFO - Sync 1 DAGs
[2022-10-08T10:45:44.526+0000] {logging_mixin.py:117} INFO - [2022-10-08T10:45:44.525+0000] {dag.py:3328} INFO - Setting next_dagrun for example_complex to None, run_after=None
[2022-10-08T10:45:44.542+0000] {processor.py:178} INFO - Processing /home/airflow/.local/lib/python3.7/site-packages/airflow/example_dags/example_complex.py took 0.106 seconds
[2022-10-08T10:46:15.099+0000] {processor.py:156} INFO - Started process (PID=6767) to work on /home/airflow/.local/lib/python3.7/site-packages/airflow/example_dags/example_complex.py
[2022-10-08T10:46:15.100+0000] {processor.py:758} INFO - Processing file /home/airflow/.local/lib/python3.7/site-packages/airflow/example_dags/example_complex.py for tasks to queue
[2022-10-08T10:46:15.100+0000] {logging_mixin.py:117} INFO - [2022-10-08T10:46:15.100+0000] {dagbag.py:525} INFO - Filling up the DagBag from /home/airflow/.local/lib/python3.7/site-packages/airflow/example_dags/example_complex.py
[2022-10-08T10:46:15.120+0000] {processor.py:768} INFO - DAG(s) dict_keys(['example_complex']) retrieved from /home/airflow/.local/lib/python3.7/site-packages/airflow/example_dags/example_complex.py
[2022-10-08T10:46:15.163+0000] {logging_mixin.py:117} INFO - [2022-10-08T10:46:15.163+0000] {dag.py:2573} INFO - Sync 1 DAGs
[2022-10-08T10:46:15.190+0000] {logging_mixin.py:117} INFO - [2022-10-08T10:46:15.189+0000] {dag.py:3328} INFO - Setting next_dagrun for example_complex to None, run_after=None
[2022-10-08T10:46:15.208+0000] {processor.py:178} INFO - Processing /home/airflow/.local/lib/python3.7/site-packages/airflow/example_dags/example_complex.py took 0.112 seconds
[2022-10-08T10:46:45.615+0000] {processor.py:156} INFO - Started process (PID=6972) to work on /home/airflow/.local/lib/python3.7/site-packages/airflow/example_dags/example_complex.py
[2022-10-08T10:46:45.615+0000] {processor.py:758} INFO - Processing file /home/airflow/.local/lib/python3.7/site-packages/airflow/example_dags/example_complex.py for tasks to queue
[2022-10-08T10:46:45.616+0000] {logging_mixin.py:117} INFO - [2022-10-08T10:46:45.616+0000] {dagbag.py:525} INFO - Filling up the DagBag from /home/airflow/.local/lib/python3.7/site-packages/airflow/example_dags/example_complex.py
[2022-10-08T10:46:45.636+0000] {processor.py:768} INFO - DAG(s) dict_keys(['example_complex']) retrieved from /home/airflow/.local/lib/python3.7/site-packages/airflow/example_dags/example_complex.py
[2022-10-08T10:46:45.688+0000] {logging_mixin.py:117} INFO - [2022-10-08T10:46:45.687+0000] {dag.py:2573} INFO - Sync 1 DAGs
[2022-10-08T10:46:45.714+0000] {logging_mixin.py:117} INFO - [2022-10-08T10:46:45.714+0000] {dag.py:3328} INFO - Setting next_dagrun for example_complex to None, run_after=None
[2022-10-08T10:46:45.732+0000] {processor.py:178} INFO - Processing /home/airflow/.local/lib/python3.7/site-packages/airflow/example_dags/example_complex.py took 0.121 seconds
[2022-10-08T10:47:15.944+0000] {processor.py:156} INFO - Started process (PID=7179) to work on /home/airflow/.local/lib/python3.7/site-packages/airflow/example_dags/example_complex.py
[2022-10-08T10:47:15.944+0000] {processor.py:758} INFO - Processing file /home/airflow/.local/lib/python3.7/site-packages/airflow/example_dags/example_complex.py for tasks to queue
[2022-10-08T10:47:15.945+0000] {logging_mixin.py:117} INFO - [2022-10-08T10:47:15.945+0000] {dagbag.py:525} INFO - Filling up the DagBag from /home/airflow/.local/lib/python3.7/site-packages/airflow/example_dags/example_complex.py
[2022-10-08T10:47:15.964+0000] {processor.py:768} INFO - DAG(s) dict_keys(['example_complex']) retrieved from /home/airflow/.local/lib/python3.7/site-packages/airflow/example_dags/example_complex.py
[2022-10-08T10:47:16.004+0000] {logging_mixin.py:117} INFO - [2022-10-08T10:47:16.004+0000] {dag.py:2573} INFO - Sync 1 DAGs
[2022-10-08T10:47:16.029+0000] {logging_mixin.py:117} INFO - [2022-10-08T10:47:16.029+0000] {dag.py:3328} INFO - Setting next_dagrun for example_complex to None, run_after=None
[2022-10-08T10:47:16.046+0000] {processor.py:178} INFO - Processing /home/airflow/.local/lib/python3.7/site-packages/airflow/example_dags/example_complex.py took 0.105 seconds
[2022-10-08T10:47:46.580+0000] {processor.py:156} INFO - Started process (PID=7377) to work on /home/airflow/.local/lib/python3.7/site-packages/airflow/example_dags/example_complex.py
[2022-10-08T10:47:46.580+0000] {processor.py:758} INFO - Processing file /home/airflow/.local/lib/python3.7/site-packages/airflow/example_dags/example_complex.py for tasks to queue
[2022-10-08T10:47:46.581+0000] {logging_mixin.py:117} INFO - [2022-10-08T10:47:46.581+0000] {dagbag.py:525} INFO - Filling up the DagBag from /home/airflow/.local/lib/python3.7/site-packages/airflow/example_dags/example_complex.py
[2022-10-08T10:47:46.599+0000] {processor.py:768} INFO - DAG(s) dict_keys(['example_complex']) retrieved from /home/airflow/.local/lib/python3.7/site-packages/airflow/example_dags/example_complex.py
[2022-10-08T10:47:46.641+0000] {logging_mixin.py:117} INFO - [2022-10-08T10:47:46.641+0000] {dag.py:2573} INFO - Sync 1 DAGs
[2022-10-08T10:47:46.663+0000] {logging_mixin.py:117} INFO - [2022-10-08T10:47:46.663+0000] {dag.py:3328} INFO - Setting next_dagrun for example_complex to None, run_after=None
[2022-10-08T10:47:46.679+0000] {processor.py:178} INFO - Processing /home/airflow/.local/lib/python3.7/site-packages/airflow/example_dags/example_complex.py took 0.102 seconds
[2022-10-08T10:48:16.704+0000] {processor.py:156} INFO - Started process (PID=7579) to work on /home/airflow/.local/lib/python3.7/site-packages/airflow/example_dags/example_complex.py
[2022-10-08T10:48:16.705+0000] {processor.py:758} INFO - Processing file /home/airflow/.local/lib/python3.7/site-packages/airflow/example_dags/example_complex.py for tasks to queue
[2022-10-08T10:48:16.706+0000] {logging_mixin.py:117} INFO - [2022-10-08T10:48:16.706+0000] {dagbag.py:525} INFO - Filling up the DagBag from /home/airflow/.local/lib/python3.7/site-packages/airflow/example_dags/example_complex.py
[2022-10-08T10:48:16.725+0000] {processor.py:768} INFO - DAG(s) dict_keys(['example_complex']) retrieved from /home/airflow/.local/lib/python3.7/site-packages/airflow/example_dags/example_complex.py
[2022-10-08T10:48:16.766+0000] {logging_mixin.py:117} INFO - [2022-10-08T10:48:16.766+0000] {dag.py:2573} INFO - Sync 1 DAGs
[2022-10-08T10:48:16.788+0000] {logging_mixin.py:117} INFO - [2022-10-08T10:48:16.788+0000] {dag.py:3328} INFO - Setting next_dagrun for example_complex to None, run_after=None
[2022-10-08T10:48:16.804+0000] {processor.py:178} INFO - Processing /home/airflow/.local/lib/python3.7/site-packages/airflow/example_dags/example_complex.py took 0.102 seconds
[2022-10-08T10:48:47.304+0000] {processor.py:156} INFO - Started process (PID=7793) to work on /home/airflow/.local/lib/python3.7/site-packages/airflow/example_dags/example_complex.py
[2022-10-08T10:48:47.305+0000] {processor.py:758} INFO - Processing file /home/airflow/.local/lib/python3.7/site-packages/airflow/example_dags/example_complex.py for tasks to queue
[2022-10-08T10:48:47.305+0000] {logging_mixin.py:117} INFO - [2022-10-08T10:48:47.305+0000] {dagbag.py:525} INFO - Filling up the DagBag from /home/airflow/.local/lib/python3.7/site-packages/airflow/example_dags/example_complex.py
[2022-10-08T10:48:47.333+0000] {processor.py:768} INFO - DAG(s) dict_keys(['example_complex']) retrieved from /home/airflow/.local/lib/python3.7/site-packages/airflow/example_dags/example_complex.py
[2022-10-08T10:48:47.377+0000] {logging_mixin.py:117} INFO - [2022-10-08T10:48:47.377+0000] {dag.py:2573} INFO - Sync 1 DAGs
[2022-10-08T10:48:47.400+0000] {logging_mixin.py:117} INFO - [2022-10-08T10:48:47.400+0000] {dag.py:3328} INFO - Setting next_dagrun for example_complex to None, run_after=None
[2022-10-08T10:48:47.419+0000] {processor.py:178} INFO - Processing /home/airflow/.local/lib/python3.7/site-packages/airflow/example_dags/example_complex.py took 0.119 seconds
[2022-10-08T10:49:18.117+0000] {processor.py:156} INFO - Started process (PID=7989) to work on /home/airflow/.local/lib/python3.7/site-packages/airflow/example_dags/example_complex.py
[2022-10-08T10:49:18.117+0000] {processor.py:758} INFO - Processing file /home/airflow/.local/lib/python3.7/site-packages/airflow/example_dags/example_complex.py for tasks to queue
[2022-10-08T10:49:18.118+0000] {logging_mixin.py:117} INFO - [2022-10-08T10:49:18.118+0000] {dagbag.py:525} INFO - Filling up the DagBag from /home/airflow/.local/lib/python3.7/site-packages/airflow/example_dags/example_complex.py
[2022-10-08T10:49:18.138+0000] {processor.py:768} INFO - DAG(s) dict_keys(['example_complex']) retrieved from /home/airflow/.local/lib/python3.7/site-packages/airflow/example_dags/example_complex.py
[2022-10-08T10:49:18.179+0000] {logging_mixin.py:117} INFO - [2022-10-08T10:49:18.178+0000] {dag.py:2573} INFO - Sync 1 DAGs
[2022-10-08T10:49:18.202+0000] {logging_mixin.py:117} INFO - [2022-10-08T10:49:18.202+0000] {dag.py:3328} INFO - Setting next_dagrun for example_complex to None, run_after=None
[2022-10-08T10:49:18.218+0000] {processor.py:178} INFO - Processing /home/airflow/.local/lib/python3.7/site-packages/airflow/example_dags/example_complex.py took 0.104 seconds
[2022-10-08T10:49:48.998+0000] {processor.py:156} INFO - Started process (PID=8196) to work on /home/airflow/.local/lib/python3.7/site-packages/airflow/example_dags/example_complex.py
[2022-10-08T10:49:48.999+0000] {processor.py:758} INFO - Processing file /home/airflow/.local/lib/python3.7/site-packages/airflow/example_dags/example_complex.py for tasks to queue
[2022-10-08T10:49:48.999+0000] {logging_mixin.py:117} INFO - [2022-10-08T10:49:48.999+0000] {dagbag.py:525} INFO - Filling up the DagBag from /home/airflow/.local/lib/python3.7/site-packages/airflow/example_dags/example_complex.py
[2022-10-08T10:49:49.019+0000] {processor.py:768} INFO - DAG(s) dict_keys(['example_complex']) retrieved from /home/airflow/.local/lib/python3.7/site-packages/airflow/example_dags/example_complex.py
[2022-10-08T10:49:49.061+0000] {logging_mixin.py:117} INFO - [2022-10-08T10:49:49.060+0000] {dag.py:2573} INFO - Sync 1 DAGs
[2022-10-08T10:49:49.083+0000] {logging_mixin.py:117} INFO - [2022-10-08T10:49:49.083+0000] {dag.py:3328} INFO - Setting next_dagrun for example_complex to None, run_after=None
[2022-10-08T10:49:49.099+0000] {processor.py:178} INFO - Processing /home/airflow/.local/lib/python3.7/site-packages/airflow/example_dags/example_complex.py took 0.103 seconds
[2022-10-08T10:50:19.170+0000] {processor.py:156} INFO - Started process (PID=8426) to work on /home/airflow/.local/lib/python3.7/site-packages/airflow/example_dags/example_complex.py
[2022-10-08T10:50:19.171+0000] {processor.py:758} INFO - Processing file /home/airflow/.local/lib/python3.7/site-packages/airflow/example_dags/example_complex.py for tasks to queue
[2022-10-08T10:50:19.171+0000] {logging_mixin.py:117} INFO - [2022-10-08T10:50:19.171+0000] {dagbag.py:525} INFO - Filling up the DagBag from /home/airflow/.local/lib/python3.7/site-packages/airflow/example_dags/example_complex.py
[2022-10-08T10:50:19.191+0000] {processor.py:768} INFO - DAG(s) dict_keys(['example_complex']) retrieved from /home/airflow/.local/lib/python3.7/site-packages/airflow/example_dags/example_complex.py
[2022-10-08T10:50:19.233+0000] {logging_mixin.py:117} INFO - [2022-10-08T10:50:19.233+0000] {dag.py:2573} INFO - Sync 1 DAGs
[2022-10-08T10:50:19.257+0000] {logging_mixin.py:117} INFO - [2022-10-08T10:50:19.257+0000] {dag.py:3328} INFO - Setting next_dagrun for example_complex to None, run_after=None
[2022-10-08T10:50:19.274+0000] {processor.py:178} INFO - Processing /home/airflow/.local/lib/python3.7/site-packages/airflow/example_dags/example_complex.py took 0.106 seconds
[2022-10-08T10:50:49.364+0000] {processor.py:156} INFO - Started process (PID=8643) to work on /home/airflow/.local/lib/python3.7/site-packages/airflow/example_dags/example_complex.py
[2022-10-08T10:50:49.365+0000] {processor.py:758} INFO - Processing file /home/airflow/.local/lib/python3.7/site-packages/airflow/example_dags/example_complex.py for tasks to queue
[2022-10-08T10:50:49.365+0000] {logging_mixin.py:117} INFO - [2022-10-08T10:50:49.365+0000] {dagbag.py:525} INFO - Filling up the DagBag from /home/airflow/.local/lib/python3.7/site-packages/airflow/example_dags/example_complex.py
[2022-10-08T10:50:49.385+0000] {processor.py:768} INFO - DAG(s) dict_keys(['example_complex']) retrieved from /home/airflow/.local/lib/python3.7/site-packages/airflow/example_dags/example_complex.py
[2022-10-08T10:50:49.427+0000] {logging_mixin.py:117} INFO - [2022-10-08T10:50:49.426+0000] {dag.py:2573} INFO - Sync 1 DAGs
[2022-10-08T10:50:49.450+0000] {logging_mixin.py:117} INFO - [2022-10-08T10:50:49.450+0000] {dag.py:3328} INFO - Setting next_dagrun for example_complex to None, run_after=None
[2022-10-08T10:50:49.466+0000] {processor.py:178} INFO - Processing /home/airflow/.local/lib/python3.7/site-packages/airflow/example_dags/example_complex.py took 0.104 seconds
[2022-10-08T10:51:20.247+0000] {processor.py:156} INFO - Started process (PID=8853) to work on /home/airflow/.local/lib/python3.7/site-packages/airflow/example_dags/example_complex.py
[2022-10-08T10:51:20.248+0000] {processor.py:758} INFO - Processing file /home/airflow/.local/lib/python3.7/site-packages/airflow/example_dags/example_complex.py for tasks to queue
[2022-10-08T10:51:20.249+0000] {logging_mixin.py:117} INFO - [2022-10-08T10:51:20.249+0000] {dagbag.py:525} INFO - Filling up the DagBag from /home/airflow/.local/lib/python3.7/site-packages/airflow/example_dags/example_complex.py
[2022-10-08T10:51:20.272+0000] {processor.py:768} INFO - DAG(s) dict_keys(['example_complex']) retrieved from /home/airflow/.local/lib/python3.7/site-packages/airflow/example_dags/example_complex.py
[2022-10-08T10:51:20.315+0000] {logging_mixin.py:117} INFO - [2022-10-08T10:51:20.315+0000] {dag.py:2573} INFO - Sync 1 DAGs
[2022-10-08T10:51:20.340+0000] {logging_mixin.py:117} INFO - [2022-10-08T10:51:20.340+0000] {dag.py:3328} INFO - Setting next_dagrun for example_complex to None, run_after=None
[2022-10-08T10:51:20.357+0000] {processor.py:178} INFO - Processing /home/airflow/.local/lib/python3.7/site-packages/airflow/example_dags/example_complex.py took 0.112 seconds
[2022-10-08T10:51:51.281+0000] {processor.py:156} INFO - Started process (PID=9065) to work on /home/airflow/.local/lib/python3.7/site-packages/airflow/example_dags/example_complex.py
[2022-10-08T10:51:51.282+0000] {processor.py:758} INFO - Processing file /home/airflow/.local/lib/python3.7/site-packages/airflow/example_dags/example_complex.py for tasks to queue
[2022-10-08T10:51:51.283+0000] {logging_mixin.py:117} INFO - [2022-10-08T10:51:51.282+0000] {dagbag.py:525} INFO - Filling up the DagBag from /home/airflow/.local/lib/python3.7/site-packages/airflow/example_dags/example_complex.py
[2022-10-08T10:51:51.303+0000] {processor.py:768} INFO - DAG(s) dict_keys(['example_complex']) retrieved from /home/airflow/.local/lib/python3.7/site-packages/airflow/example_dags/example_complex.py
[2022-10-08T10:51:51.392+0000] {logging_mixin.py:117} INFO - [2022-10-08T10:51:51.391+0000] {dag.py:2573} INFO - Sync 1 DAGs
[2022-10-08T10:51:51.415+0000] {logging_mixin.py:117} INFO - [2022-10-08T10:51:51.415+0000] {dag.py:3328} INFO - Setting next_dagrun for example_complex to None, run_after=None
[2022-10-08T10:51:51.470+0000] {processor.py:178} INFO - Processing /home/airflow/.local/lib/python3.7/site-packages/airflow/example_dags/example_complex.py took 0.191 seconds
[2022-10-08T10:52:21.811+0000] {processor.py:156} INFO - Started process (PID=9305) to work on /home/airflow/.local/lib/python3.7/site-packages/airflow/example_dags/example_complex.py
[2022-10-08T10:52:21.812+0000] {processor.py:758} INFO - Processing file /home/airflow/.local/lib/python3.7/site-packages/airflow/example_dags/example_complex.py for tasks to queue
[2022-10-08T10:52:21.812+0000] {logging_mixin.py:117} INFO - [2022-10-08T10:52:21.812+0000] {dagbag.py:525} INFO - Filling up the DagBag from /home/airflow/.local/lib/python3.7/site-packages/airflow/example_dags/example_complex.py
[2022-10-08T10:52:21.833+0000] {processor.py:768} INFO - DAG(s) dict_keys(['example_complex']) retrieved from /home/airflow/.local/lib/python3.7/site-packages/airflow/example_dags/example_complex.py
[2022-10-08T10:52:21.883+0000] {logging_mixin.py:117} INFO - [2022-10-08T10:52:21.882+0000] {dag.py:2573} INFO - Sync 1 DAGs
[2022-10-08T10:52:21.907+0000] {logging_mixin.py:117} INFO - [2022-10-08T10:52:21.907+0000] {dag.py:3328} INFO - Setting next_dagrun for example_complex to None, run_after=None
[2022-10-08T10:52:21.923+0000] {processor.py:178} INFO - Processing /home/airflow/.local/lib/python3.7/site-packages/airflow/example_dags/example_complex.py took 0.115 seconds
[2022-10-08T10:52:52.023+0000] {processor.py:156} INFO - Started process (PID=9562) to work on /home/airflow/.local/lib/python3.7/site-packages/airflow/example_dags/example_complex.py
[2022-10-08T10:52:52.024+0000] {processor.py:758} INFO - Processing file /home/airflow/.local/lib/python3.7/site-packages/airflow/example_dags/example_complex.py for tasks to queue
[2022-10-08T10:52:52.025+0000] {logging_mixin.py:117} INFO - [2022-10-08T10:52:52.025+0000] {dagbag.py:525} INFO - Filling up the DagBag from /home/airflow/.local/lib/python3.7/site-packages/airflow/example_dags/example_complex.py
[2022-10-08T10:52:52.044+0000] {processor.py:768} INFO - DAG(s) dict_keys(['example_complex']) retrieved from /home/airflow/.local/lib/python3.7/site-packages/airflow/example_dags/example_complex.py
[2022-10-08T10:52:52.085+0000] {logging_mixin.py:117} INFO - [2022-10-08T10:52:52.085+0000] {dag.py:2573} INFO - Sync 1 DAGs
[2022-10-08T10:52:52.112+0000] {logging_mixin.py:117} INFO - [2022-10-08T10:52:52.112+0000] {dag.py:3328} INFO - Setting next_dagrun for example_complex to None, run_after=None
[2022-10-08T10:52:52.131+0000] {processor.py:178} INFO - Processing /home/airflow/.local/lib/python3.7/site-packages/airflow/example_dags/example_complex.py took 0.111 seconds
[2022-10-08T10:53:22.647+0000] {processor.py:156} INFO - Started process (PID=9808) to work on /home/airflow/.local/lib/python3.7/site-packages/airflow/example_dags/example_complex.py
[2022-10-08T10:53:22.648+0000] {processor.py:758} INFO - Processing file /home/airflow/.local/lib/python3.7/site-packages/airflow/example_dags/example_complex.py for tasks to queue
[2022-10-08T10:53:22.648+0000] {logging_mixin.py:117} INFO - [2022-10-08T10:53:22.648+0000] {dagbag.py:525} INFO - Filling up the DagBag from /home/airflow/.local/lib/python3.7/site-packages/airflow/example_dags/example_complex.py
[2022-10-08T10:53:22.675+0000] {processor.py:768} INFO - DAG(s) dict_keys(['example_complex']) retrieved from /home/airflow/.local/lib/python3.7/site-packages/airflow/example_dags/example_complex.py
[2022-10-08T10:53:22.717+0000] {logging_mixin.py:117} INFO - [2022-10-08T10:53:22.716+0000] {dag.py:2573} INFO - Sync 1 DAGs
[2022-10-08T10:53:22.740+0000] {logging_mixin.py:117} INFO - [2022-10-08T10:53:22.740+0000] {dag.py:3328} INFO - Setting next_dagrun for example_complex to None, run_after=None
[2022-10-08T10:53:22.762+0000] {processor.py:178} INFO - Processing /home/airflow/.local/lib/python3.7/site-packages/airflow/example_dags/example_complex.py took 0.118 seconds
[2022-10-08T10:53:53.486+0000] {processor.py:156} INFO - Started process (PID=10020) to work on /home/airflow/.local/lib/python3.7/site-packages/airflow/example_dags/example_complex.py
[2022-10-08T10:53:53.486+0000] {processor.py:758} INFO - Processing file /home/airflow/.local/lib/python3.7/site-packages/airflow/example_dags/example_complex.py for tasks to queue
[2022-10-08T10:53:53.487+0000] {logging_mixin.py:117} INFO - [2022-10-08T10:53:53.487+0000] {dagbag.py:525} INFO - Filling up the DagBag from /home/airflow/.local/lib/python3.7/site-packages/airflow/example_dags/example_complex.py
[2022-10-08T10:53:53.506+0000] {processor.py:768} INFO - DAG(s) dict_keys(['example_complex']) retrieved from /home/airflow/.local/lib/python3.7/site-packages/airflow/example_dags/example_complex.py
[2022-10-08T10:53:53.548+0000] {logging_mixin.py:117} INFO - [2022-10-08T10:53:53.548+0000] {dag.py:2573} INFO - Sync 1 DAGs
[2022-10-08T10:53:53.571+0000] {logging_mixin.py:117} INFO - [2022-10-08T10:53:53.571+0000] {dag.py:3328} INFO - Setting next_dagrun for example_complex to None, run_after=None
[2022-10-08T10:53:53.587+0000] {processor.py:178} INFO - Processing /home/airflow/.local/lib/python3.7/site-packages/airflow/example_dags/example_complex.py took 0.104 seconds
[2022-10-08T10:54:24.257+0000] {processor.py:156} INFO - Started process (PID=10232) to work on /home/airflow/.local/lib/python3.7/site-packages/airflow/example_dags/example_complex.py
[2022-10-08T10:54:24.257+0000] {processor.py:758} INFO - Processing file /home/airflow/.local/lib/python3.7/site-packages/airflow/example_dags/example_complex.py for tasks to queue
[2022-10-08T10:54:24.258+0000] {logging_mixin.py:117} INFO - [2022-10-08T10:54:24.258+0000] {dagbag.py:525} INFO - Filling up the DagBag from /home/airflow/.local/lib/python3.7/site-packages/airflow/example_dags/example_complex.py
[2022-10-08T10:54:24.277+0000] {processor.py:768} INFO - DAG(s) dict_keys(['example_complex']) retrieved from /home/airflow/.local/lib/python3.7/site-packages/airflow/example_dags/example_complex.py
[2022-10-08T10:54:24.319+0000] {logging_mixin.py:117} INFO - [2022-10-08T10:54:24.319+0000] {dag.py:2573} INFO - Sync 1 DAGs
[2022-10-08T10:54:24.342+0000] {logging_mixin.py:117} INFO - [2022-10-08T10:54:24.342+0000] {dag.py:3328} INFO - Setting next_dagrun for example_complex to None, run_after=None
[2022-10-08T10:54:24.367+0000] {processor.py:178} INFO - Processing /home/airflow/.local/lib/python3.7/site-packages/airflow/example_dags/example_complex.py took 0.113 seconds
[2022-10-08T10:54:54.807+0000] {processor.py:156} INFO - Started process (PID=10435) to work on /home/airflow/.local/lib/python3.7/site-packages/airflow/example_dags/example_complex.py
[2022-10-08T10:54:54.808+0000] {processor.py:758} INFO - Processing file /home/airflow/.local/lib/python3.7/site-packages/airflow/example_dags/example_complex.py for tasks to queue
[2022-10-08T10:54:54.808+0000] {logging_mixin.py:117} INFO - [2022-10-08T10:54:54.808+0000] {dagbag.py:525} INFO - Filling up the DagBag from /home/airflow/.local/lib/python3.7/site-packages/airflow/example_dags/example_complex.py
[2022-10-08T10:54:54.829+0000] {processor.py:768} INFO - DAG(s) dict_keys(['example_complex']) retrieved from /home/airflow/.local/lib/python3.7/site-packages/airflow/example_dags/example_complex.py
[2022-10-08T10:54:54.872+0000] {logging_mixin.py:117} INFO - [2022-10-08T10:54:54.871+0000] {dag.py:2573} INFO - Sync 1 DAGs
[2022-10-08T10:54:54.896+0000] {logging_mixin.py:117} INFO - [2022-10-08T10:54:54.896+0000] {dag.py:3328} INFO - Setting next_dagrun for example_complex to None, run_after=None
[2022-10-08T10:54:54.912+0000] {processor.py:178} INFO - Processing /home/airflow/.local/lib/python3.7/site-packages/airflow/example_dags/example_complex.py took 0.108 seconds
[2022-10-08T10:55:25.592+0000] {processor.py:156} INFO - Started process (PID=10659) to work on /home/airflow/.local/lib/python3.7/site-packages/airflow/example_dags/example_complex.py
[2022-10-08T10:55:25.593+0000] {processor.py:758} INFO - Processing file /home/airflow/.local/lib/python3.7/site-packages/airflow/example_dags/example_complex.py for tasks to queue
[2022-10-08T10:55:25.593+0000] {logging_mixin.py:117} INFO - [2022-10-08T10:55:25.593+0000] {dagbag.py:525} INFO - Filling up the DagBag from /home/airflow/.local/lib/python3.7/site-packages/airflow/example_dags/example_complex.py
[2022-10-08T10:55:25.613+0000] {processor.py:768} INFO - DAG(s) dict_keys(['example_complex']) retrieved from /home/airflow/.local/lib/python3.7/site-packages/airflow/example_dags/example_complex.py
[2022-10-08T10:55:25.654+0000] {logging_mixin.py:117} INFO - [2022-10-08T10:55:25.653+0000] {dag.py:2573} INFO - Sync 1 DAGs
[2022-10-08T10:55:25.676+0000] {logging_mixin.py:117} INFO - [2022-10-08T10:55:25.676+0000] {dag.py:3328} INFO - Setting next_dagrun for example_complex to None, run_after=None
[2022-10-08T10:55:25.692+0000] {processor.py:178} INFO - Processing /home/airflow/.local/lib/python3.7/site-packages/airflow/example_dags/example_complex.py took 0.103 seconds
[2022-10-08T10:55:56.262+0000] {processor.py:156} INFO - Started process (PID=10869) to work on /home/airflow/.local/lib/python3.7/site-packages/airflow/example_dags/example_complex.py
[2022-10-08T10:55:56.263+0000] {processor.py:758} INFO - Processing file /home/airflow/.local/lib/python3.7/site-packages/airflow/example_dags/example_complex.py for tasks to queue
[2022-10-08T10:55:56.264+0000] {logging_mixin.py:117} INFO - [2022-10-08T10:55:56.264+0000] {dagbag.py:525} INFO - Filling up the DagBag from /home/airflow/.local/lib/python3.7/site-packages/airflow/example_dags/example_complex.py
[2022-10-08T10:55:56.284+0000] {processor.py:768} INFO - DAG(s) dict_keys(['example_complex']) retrieved from /home/airflow/.local/lib/python3.7/site-packages/airflow/example_dags/example_complex.py
[2022-10-08T10:55:56.327+0000] {logging_mixin.py:117} INFO - [2022-10-08T10:55:56.327+0000] {dag.py:2573} INFO - Sync 1 DAGs
[2022-10-08T10:55:56.350+0000] {logging_mixin.py:117} INFO - [2022-10-08T10:55:56.349+0000] {dag.py:3328} INFO - Setting next_dagrun for example_complex to None, run_after=None
[2022-10-08T10:55:56.368+0000] {processor.py:178} INFO - Processing /home/airflow/.local/lib/python3.7/site-packages/airflow/example_dags/example_complex.py took 0.108 seconds
[2022-10-08T10:56:26.806+0000] {processor.py:156} INFO - Started process (PID=11081) to work on /home/airflow/.local/lib/python3.7/site-packages/airflow/example_dags/example_complex.py
[2022-10-08T10:56:26.806+0000] {processor.py:758} INFO - Processing file /home/airflow/.local/lib/python3.7/site-packages/airflow/example_dags/example_complex.py for tasks to queue
[2022-10-08T10:56:26.807+0000] {logging_mixin.py:117} INFO - [2022-10-08T10:56:26.807+0000] {dagbag.py:525} INFO - Filling up the DagBag from /home/airflow/.local/lib/python3.7/site-packages/airflow/example_dags/example_complex.py
[2022-10-08T10:56:26.877+0000] {processor.py:768} INFO - DAG(s) dict_keys(['example_complex']) retrieved from /home/airflow/.local/lib/python3.7/site-packages/airflow/example_dags/example_complex.py
[2022-10-08T10:56:26.920+0000] {logging_mixin.py:117} INFO - [2022-10-08T10:56:26.919+0000] {dag.py:2573} INFO - Sync 1 DAGs
[2022-10-08T10:56:26.981+0000] {logging_mixin.py:117} INFO - [2022-10-08T10:56:26.981+0000] {dag.py:3328} INFO - Setting next_dagrun for example_complex to None, run_after=None
[2022-10-08T10:56:26.998+0000] {processor.py:178} INFO - Processing /home/airflow/.local/lib/python3.7/site-packages/airflow/example_dags/example_complex.py took 0.194 seconds
[2022-10-08T10:56:57.597+0000] {processor.py:156} INFO - Started process (PID=11286) to work on /home/airflow/.local/lib/python3.7/site-packages/airflow/example_dags/example_complex.py
[2022-10-08T10:56:57.598+0000] {processor.py:758} INFO - Processing file /home/airflow/.local/lib/python3.7/site-packages/airflow/example_dags/example_complex.py for tasks to queue
[2022-10-08T10:56:57.599+0000] {logging_mixin.py:117} INFO - [2022-10-08T10:56:57.599+0000] {dagbag.py:525} INFO - Filling up the DagBag from /home/airflow/.local/lib/python3.7/site-packages/airflow/example_dags/example_complex.py
[2022-10-08T10:56:57.619+0000] {processor.py:768} INFO - DAG(s) dict_keys(['example_complex']) retrieved from /home/airflow/.local/lib/python3.7/site-packages/airflow/example_dags/example_complex.py
[2022-10-08T10:56:57.661+0000] {logging_mixin.py:117} INFO - [2022-10-08T10:56:57.661+0000] {dag.py:2573} INFO - Sync 1 DAGs
[2022-10-08T10:56:57.686+0000] {logging_mixin.py:117} INFO - [2022-10-08T10:56:57.685+0000] {dag.py:3328} INFO - Setting next_dagrun for example_complex to None, run_after=None
[2022-10-08T10:56:57.702+0000] {processor.py:178} INFO - Processing /home/airflow/.local/lib/python3.7/site-packages/airflow/example_dags/example_complex.py took 0.107 seconds
[2022-10-08T10:57:28.300+0000] {processor.py:156} INFO - Started process (PID=11496) to work on /home/airflow/.local/lib/python3.7/site-packages/airflow/example_dags/example_complex.py
[2022-10-08T10:57:28.301+0000] {processor.py:758} INFO - Processing file /home/airflow/.local/lib/python3.7/site-packages/airflow/example_dags/example_complex.py for tasks to queue
[2022-10-08T10:57:28.302+0000] {logging_mixin.py:117} INFO - [2022-10-08T10:57:28.301+0000] {dagbag.py:525} INFO - Filling up the DagBag from /home/airflow/.local/lib/python3.7/site-packages/airflow/example_dags/example_complex.py
[2022-10-08T10:57:28.321+0000] {processor.py:768} INFO - DAG(s) dict_keys(['example_complex']) retrieved from /home/airflow/.local/lib/python3.7/site-packages/airflow/example_dags/example_complex.py
[2022-10-08T10:57:28.365+0000] {logging_mixin.py:117} INFO - [2022-10-08T10:57:28.365+0000] {dag.py:2573} INFO - Sync 1 DAGs
[2022-10-08T10:57:28.389+0000] {logging_mixin.py:117} INFO - [2022-10-08T10:57:28.389+0000] {dag.py:3328} INFO - Setting next_dagrun for example_complex to None, run_after=None
[2022-10-08T10:57:28.408+0000] {processor.py:178} INFO - Processing /home/airflow/.local/lib/python3.7/site-packages/airflow/example_dags/example_complex.py took 0.110 seconds
[2022-10-08T10:57:59.123+0000] {processor.py:156} INFO - Started process (PID=11708) to work on /home/airflow/.local/lib/python3.7/site-packages/airflow/example_dags/example_complex.py
[2022-10-08T10:57:59.124+0000] {processor.py:758} INFO - Processing file /home/airflow/.local/lib/python3.7/site-packages/airflow/example_dags/example_complex.py for tasks to queue
[2022-10-08T10:57:59.124+0000] {logging_mixin.py:117} INFO - [2022-10-08T10:57:59.124+0000] {dagbag.py:525} INFO - Filling up the DagBag from /home/airflow/.local/lib/python3.7/site-packages/airflow/example_dags/example_complex.py
[2022-10-08T10:57:59.170+0000] {processor.py:768} INFO - DAG(s) dict_keys(['example_complex']) retrieved from /home/airflow/.local/lib/python3.7/site-packages/airflow/example_dags/example_complex.py
[2022-10-08T10:57:59.212+0000] {logging_mixin.py:117} INFO - [2022-10-08T10:57:59.212+0000] {dag.py:2573} INFO - Sync 1 DAGs
[2022-10-08T10:57:59.236+0000] {logging_mixin.py:117} INFO - [2022-10-08T10:57:59.235+0000] {dag.py:3328} INFO - Setting next_dagrun for example_complex to None, run_after=None
[2022-10-08T10:57:59.252+0000] {processor.py:178} INFO - Processing /home/airflow/.local/lib/python3.7/site-packages/airflow/example_dags/example_complex.py took 0.132 seconds
[2022-10-08T10:58:29.838+0000] {processor.py:156} INFO - Started process (PID=11911) to work on /home/airflow/.local/lib/python3.7/site-packages/airflow/example_dags/example_complex.py
[2022-10-08T10:58:29.839+0000] {processor.py:758} INFO - Processing file /home/airflow/.local/lib/python3.7/site-packages/airflow/example_dags/example_complex.py for tasks to queue
[2022-10-08T10:58:29.839+0000] {logging_mixin.py:117} INFO - [2022-10-08T10:58:29.839+0000] {dagbag.py:525} INFO - Filling up the DagBag from /home/airflow/.local/lib/python3.7/site-packages/airflow/example_dags/example_complex.py
[2022-10-08T10:58:29.859+0000] {processor.py:768} INFO - DAG(s) dict_keys(['example_complex']) retrieved from /home/airflow/.local/lib/python3.7/site-packages/airflow/example_dags/example_complex.py
[2022-10-08T10:58:29.901+0000] {logging_mixin.py:117} INFO - [2022-10-08T10:58:29.900+0000] {dag.py:2573} INFO - Sync 1 DAGs
[2022-10-08T10:58:29.924+0000] {logging_mixin.py:117} INFO - [2022-10-08T10:58:29.923+0000] {dag.py:3328} INFO - Setting next_dagrun for example_complex to None, run_after=None
[2022-10-08T10:58:29.940+0000] {processor.py:178} INFO - Processing /home/airflow/.local/lib/python3.7/site-packages/airflow/example_dags/example_complex.py took 0.105 seconds
[2022-10-08T10:59:00.718+0000] {processor.py:156} INFO - Started process (PID=12145) to work on /home/airflow/.local/lib/python3.7/site-packages/airflow/example_dags/example_complex.py
[2022-10-08T10:59:00.718+0000] {processor.py:758} INFO - Processing file /home/airflow/.local/lib/python3.7/site-packages/airflow/example_dags/example_complex.py for tasks to queue
[2022-10-08T10:59:00.719+0000] {logging_mixin.py:117} INFO - [2022-10-08T10:59:00.719+0000] {dagbag.py:525} INFO - Filling up the DagBag from /home/airflow/.local/lib/python3.7/site-packages/airflow/example_dags/example_complex.py
[2022-10-08T10:59:00.739+0000] {processor.py:768} INFO - DAG(s) dict_keys(['example_complex']) retrieved from /home/airflow/.local/lib/python3.7/site-packages/airflow/example_dags/example_complex.py
[2022-10-08T10:59:00.780+0000] {logging_mixin.py:117} INFO - [2022-10-08T10:59:00.780+0000] {dag.py:2573} INFO - Sync 1 DAGs
[2022-10-08T10:59:00.805+0000] {logging_mixin.py:117} INFO - [2022-10-08T10:59:00.805+0000] {dag.py:3328} INFO - Setting next_dagrun for example_complex to None, run_after=None
[2022-10-08T10:59:00.822+0000] {processor.py:178} INFO - Processing /home/airflow/.local/lib/python3.7/site-packages/airflow/example_dags/example_complex.py took 0.107 seconds
[2022-10-08T10:59:31.463+0000] {processor.py:156} INFO - Started process (PID=12361) to work on /home/airflow/.local/lib/python3.7/site-packages/airflow/example_dags/example_complex.py
[2022-10-08T10:59:31.463+0000] {processor.py:758} INFO - Processing file /home/airflow/.local/lib/python3.7/site-packages/airflow/example_dags/example_complex.py for tasks to queue
[2022-10-08T10:59:31.464+0000] {logging_mixin.py:117} INFO - [2022-10-08T10:59:31.464+0000] {dagbag.py:525} INFO - Filling up the DagBag from /home/airflow/.local/lib/python3.7/site-packages/airflow/example_dags/example_complex.py
[2022-10-08T10:59:31.483+0000] {processor.py:768} INFO - DAG(s) dict_keys(['example_complex']) retrieved from /home/airflow/.local/lib/python3.7/site-packages/airflow/example_dags/example_complex.py
[2022-10-08T10:59:31.526+0000] {logging_mixin.py:117} INFO - [2022-10-08T10:59:31.525+0000] {dag.py:2573} INFO - Sync 1 DAGs
[2022-10-08T10:59:31.548+0000] {logging_mixin.py:117} INFO - [2022-10-08T10:59:31.548+0000] {dag.py:3328} INFO - Setting next_dagrun for example_complex to None, run_after=None
[2022-10-08T10:59:31.564+0000] {processor.py:178} INFO - Processing /home/airflow/.local/lib/python3.7/site-packages/airflow/example_dags/example_complex.py took 0.103 seconds
[2022-10-08T11:00:02.013+0000] {processor.py:156} INFO - Started process (PID=12562) to work on /home/airflow/.local/lib/python3.7/site-packages/airflow/example_dags/example_complex.py
[2022-10-08T11:00:02.014+0000] {processor.py:758} INFO - Processing file /home/airflow/.local/lib/python3.7/site-packages/airflow/example_dags/example_complex.py for tasks to queue
[2022-10-08T11:00:02.015+0000] {logging_mixin.py:117} INFO - [2022-10-08T11:00:02.015+0000] {dagbag.py:525} INFO - Filling up the DagBag from /home/airflow/.local/lib/python3.7/site-packages/airflow/example_dags/example_complex.py
[2022-10-08T11:00:02.034+0000] {processor.py:768} INFO - DAG(s) dict_keys(['example_complex']) retrieved from /home/airflow/.local/lib/python3.7/site-packages/airflow/example_dags/example_complex.py
[2022-10-08T11:00:02.085+0000] {logging_mixin.py:117} INFO - [2022-10-08T11:00:02.085+0000] {dag.py:2573} INFO - Sync 1 DAGs
[2022-10-08T11:00:02.109+0000] {logging_mixin.py:117} INFO - [2022-10-08T11:00:02.109+0000] {dag.py:3328} INFO - Setting next_dagrun for example_complex to None, run_after=None
[2022-10-08T11:00:02.127+0000] {processor.py:178} INFO - Processing /home/airflow/.local/lib/python3.7/site-packages/airflow/example_dags/example_complex.py took 0.116 seconds
[2022-10-08T11:00:32.825+0000] {processor.py:156} INFO - Started process (PID=12781) to work on /home/airflow/.local/lib/python3.7/site-packages/airflow/example_dags/example_complex.py
[2022-10-08T11:00:32.826+0000] {processor.py:758} INFO - Processing file /home/airflow/.local/lib/python3.7/site-packages/airflow/example_dags/example_complex.py for tasks to queue
[2022-10-08T11:00:32.826+0000] {logging_mixin.py:117} INFO - [2022-10-08T11:00:32.826+0000] {dagbag.py:525} INFO - Filling up the DagBag from /home/airflow/.local/lib/python3.7/site-packages/airflow/example_dags/example_complex.py
[2022-10-08T11:00:32.847+0000] {processor.py:768} INFO - DAG(s) dict_keys(['example_complex']) retrieved from /home/airflow/.local/lib/python3.7/site-packages/airflow/example_dags/example_complex.py
[2022-10-08T11:00:32.889+0000] {logging_mixin.py:117} INFO - [2022-10-08T11:00:32.889+0000] {dag.py:2573} INFO - Sync 1 DAGs
[2022-10-08T11:00:32.912+0000] {logging_mixin.py:117} INFO - [2022-10-08T11:00:32.912+0000] {dag.py:3328} INFO - Setting next_dagrun for example_complex to None, run_after=None
[2022-10-08T11:00:32.930+0000] {processor.py:178} INFO - Processing /home/airflow/.local/lib/python3.7/site-packages/airflow/example_dags/example_complex.py took 0.108 seconds
[2022-10-08T11:01:03.483+0000] {processor.py:156} INFO - Started process (PID=12993) to work on /home/airflow/.local/lib/python3.7/site-packages/airflow/example_dags/example_complex.py
[2022-10-08T11:01:03.484+0000] {processor.py:758} INFO - Processing file /home/airflow/.local/lib/python3.7/site-packages/airflow/example_dags/example_complex.py for tasks to queue
[2022-10-08T11:01:03.484+0000] {logging_mixin.py:117} INFO - [2022-10-08T11:01:03.484+0000] {dagbag.py:525} INFO - Filling up the DagBag from /home/airflow/.local/lib/python3.7/site-packages/airflow/example_dags/example_complex.py
[2022-10-08T11:01:03.505+0000] {processor.py:768} INFO - DAG(s) dict_keys(['example_complex']) retrieved from /home/airflow/.local/lib/python3.7/site-packages/airflow/example_dags/example_complex.py
[2022-10-08T11:01:03.546+0000] {logging_mixin.py:117} INFO - [2022-10-08T11:01:03.546+0000] {dag.py:2573} INFO - Sync 1 DAGs
[2022-10-08T11:01:03.570+0000] {logging_mixin.py:117} INFO - [2022-10-08T11:01:03.570+0000] {dag.py:3328} INFO - Setting next_dagrun for example_complex to None, run_after=None
[2022-10-08T11:01:03.586+0000] {processor.py:178} INFO - Processing /home/airflow/.local/lib/python3.7/site-packages/airflow/example_dags/example_complex.py took 0.107 seconds
[2022-10-08T11:01:34.679+0000] {processor.py:156} INFO - Started process (PID=13203) to work on /home/airflow/.local/lib/python3.7/site-packages/airflow/example_dags/example_complex.py
[2022-10-08T11:01:34.679+0000] {processor.py:758} INFO - Processing file /home/airflow/.local/lib/python3.7/site-packages/airflow/example_dags/example_complex.py for tasks to queue
[2022-10-08T11:01:34.680+0000] {logging_mixin.py:117} INFO - [2022-10-08T11:01:34.680+0000] {dagbag.py:525} INFO - Filling up the DagBag from /home/airflow/.local/lib/python3.7/site-packages/airflow/example_dags/example_complex.py
[2022-10-08T11:01:34.702+0000] {processor.py:768} INFO - DAG(s) dict_keys(['example_complex']) retrieved from /home/airflow/.local/lib/python3.7/site-packages/airflow/example_dags/example_complex.py
[2022-10-08T11:01:34.829+0000] {logging_mixin.py:117} INFO - [2022-10-08T11:01:34.829+0000] {dag.py:2573} INFO - Sync 1 DAGs
[2022-10-08T11:01:34.868+0000] {logging_mixin.py:117} INFO - [2022-10-08T11:01:34.868+0000] {dag.py:3328} INFO - Setting next_dagrun for example_complex to None, run_after=None
[2022-10-08T11:01:34.893+0000] {processor.py:178} INFO - Processing /home/airflow/.local/lib/python3.7/site-packages/airflow/example_dags/example_complex.py took 0.217 seconds
[2022-10-08T11:02:05.283+0000] {processor.py:156} INFO - Started process (PID=13406) to work on /home/airflow/.local/lib/python3.7/site-packages/airflow/example_dags/example_complex.py
[2022-10-08T11:02:05.283+0000] {processor.py:758} INFO - Processing file /home/airflow/.local/lib/python3.7/site-packages/airflow/example_dags/example_complex.py for tasks to queue
[2022-10-08T11:02:05.284+0000] {logging_mixin.py:117} INFO - [2022-10-08T11:02:05.284+0000] {dagbag.py:525} INFO - Filling up the DagBag from /home/airflow/.local/lib/python3.7/site-packages/airflow/example_dags/example_complex.py
[2022-10-08T11:02:05.306+0000] {processor.py:768} INFO - DAG(s) dict_keys(['example_complex']) retrieved from /home/airflow/.local/lib/python3.7/site-packages/airflow/example_dags/example_complex.py
[2022-10-08T11:02:05.379+0000] {logging_mixin.py:117} INFO - [2022-10-08T11:02:05.379+0000] {dag.py:2573} INFO - Sync 1 DAGs
[2022-10-08T11:02:05.403+0000] {logging_mixin.py:117} INFO - [2022-10-08T11:02:05.403+0000] {dag.py:3328} INFO - Setting next_dagrun for example_complex to None, run_after=None
[2022-10-08T11:02:05.420+0000] {processor.py:178} INFO - Processing /home/airflow/.local/lib/python3.7/site-packages/airflow/example_dags/example_complex.py took 0.140 seconds
[2022-10-08T11:02:35.758+0000] {processor.py:156} INFO - Started process (PID=13618) to work on /home/airflow/.local/lib/python3.7/site-packages/airflow/example_dags/example_complex.py
[2022-10-08T11:02:35.759+0000] {processor.py:758} INFO - Processing file /home/airflow/.local/lib/python3.7/site-packages/airflow/example_dags/example_complex.py for tasks to queue
[2022-10-08T11:02:35.760+0000] {logging_mixin.py:117} INFO - [2022-10-08T11:02:35.759+0000] {dagbag.py:525} INFO - Filling up the DagBag from /home/airflow/.local/lib/python3.7/site-packages/airflow/example_dags/example_complex.py
[2022-10-08T11:02:35.779+0000] {processor.py:768} INFO - DAG(s) dict_keys(['example_complex']) retrieved from /home/airflow/.local/lib/python3.7/site-packages/airflow/example_dags/example_complex.py
[2022-10-08T11:02:35.820+0000] {logging_mixin.py:117} INFO - [2022-10-08T11:02:35.820+0000] {dag.py:2573} INFO - Sync 1 DAGs
[2022-10-08T11:02:35.843+0000] {logging_mixin.py:117} INFO - [2022-10-08T11:02:35.843+0000] {dag.py:3328} INFO - Setting next_dagrun for example_complex to None, run_after=None
[2022-10-08T11:02:35.860+0000] {processor.py:178} INFO - Processing /home/airflow/.local/lib/python3.7/site-packages/airflow/example_dags/example_complex.py took 0.104 seconds
[2022-10-08T11:03:06.373+0000] {processor.py:156} INFO - Started process (PID=13830) to work on /home/airflow/.local/lib/python3.7/site-packages/airflow/example_dags/example_complex.py
[2022-10-08T11:03:06.374+0000] {processor.py:758} INFO - Processing file /home/airflow/.local/lib/python3.7/site-packages/airflow/example_dags/example_complex.py for tasks to queue
[2022-10-08T11:03:06.374+0000] {logging_mixin.py:117} INFO - [2022-10-08T11:03:06.374+0000] {dagbag.py:525} INFO - Filling up the DagBag from /home/airflow/.local/lib/python3.7/site-packages/airflow/example_dags/example_complex.py
[2022-10-08T11:03:06.394+0000] {processor.py:768} INFO - DAG(s) dict_keys(['example_complex']) retrieved from /home/airflow/.local/lib/python3.7/site-packages/airflow/example_dags/example_complex.py
[2022-10-08T11:03:06.436+0000] {logging_mixin.py:117} INFO - [2022-10-08T11:03:06.436+0000] {dag.py:2573} INFO - Sync 1 DAGs
[2022-10-08T11:03:06.461+0000] {logging_mixin.py:117} INFO - [2022-10-08T11:03:06.460+0000] {dag.py:3328} INFO - Setting next_dagrun for example_complex to None, run_after=None
[2022-10-08T11:03:06.477+0000] {processor.py:178} INFO - Processing /home/airflow/.local/lib/python3.7/site-packages/airflow/example_dags/example_complex.py took 0.106 seconds
[2022-10-08T11:03:36.847+0000] {processor.py:156} INFO - Started process (PID=14033) to work on /home/airflow/.local/lib/python3.7/site-packages/airflow/example_dags/example_complex.py
[2022-10-08T11:03:36.848+0000] {processor.py:758} INFO - Processing file /home/airflow/.local/lib/python3.7/site-packages/airflow/example_dags/example_complex.py for tasks to queue
[2022-10-08T11:03:36.848+0000] {logging_mixin.py:117} INFO - [2022-10-08T11:03:36.848+0000] {dagbag.py:525} INFO - Filling up the DagBag from /home/airflow/.local/lib/python3.7/site-packages/airflow/example_dags/example_complex.py
[2022-10-08T11:03:36.868+0000] {processor.py:768} INFO - DAG(s) dict_keys(['example_complex']) retrieved from /home/airflow/.local/lib/python3.7/site-packages/airflow/example_dags/example_complex.py
[2022-10-08T11:03:36.910+0000] {logging_mixin.py:117} INFO - [2022-10-08T11:03:36.910+0000] {dag.py:2573} INFO - Sync 1 DAGs
[2022-10-08T11:03:36.933+0000] {logging_mixin.py:117} INFO - [2022-10-08T11:03:36.933+0000] {dag.py:3328} INFO - Setting next_dagrun for example_complex to None, run_after=None
[2022-10-08T11:03:36.948+0000] {processor.py:178} INFO - Processing /home/airflow/.local/lib/python3.7/site-packages/airflow/example_dags/example_complex.py took 0.104 seconds
